2024-09-11T22:33:58.358+05:30  INFO 7240 --- [SpringDataJPA] [File Watcher] rtingClassPathChangeChangedEventListener : Restarting due to 1 class path change (0 additions, 0 deletions, 1 modification)
2024-09-11T22:33:58.373+05:30  INFO 7240 --- [SpringDataJPA] [Thread-50] j.LocalContainerEntityManagerFactoryBean : Closing JPA EntityManagerFactory for persistence unit 'default'
2024-09-11T22:33:58.374+05:30  INFO 7240 --- [SpringDataJPA] [Thread-50] com.zaxxer.hikari.HikariDataSource       : HikariPool-13 - Shutdown initiated...
2024-09-11T22:33:58.376+05:30  INFO 7240 --- [SpringDataJPA] [Thread-50] com.zaxxer.hikari.HikariDataSource       : HikariPool-13 - Shutdown completed.
2024-09-11T22:33:58.461+05:30  INFO 7240 --- [SpringDataJPA] [restartedMain] com.revature.SpringDataJpaApplication    : Starting SpringDataJpaApplication using Java 21.0.3 with PID 7240 (C:\2024Training\TRNG-00001988\091124\SpringDataJPA\target\classes started by JasdhirSingh in C:\2024Training\TRNG-00001988\091124\SpringDataJPA)
2024-09-11T22:33:58.462+05:30  INFO 7240 --- [SpringDataJPA] [restartedMain] com.revature.SpringDataJpaApplication    : No active profile set, falling back to 1 default profile: "default"
2024-09-11T22:33:58.648+05:30  INFO 7240 --- [SpringDataJPA] [restartedMain] .s.d.r.c.RepositoryConfigurationDelegate : Bootstrapping Spring Data JPA repositories in DEFAULT mode.
2024-09-11T22:33:58.658+05:30  INFO 7240 --- [SpringDataJPA] [restartedMain] .s.d.r.c.RepositoryConfigurationDelegate : Finished Spring Data repository scanning in 9 ms. Found 1 JPA repository interface.
2024-09-11T22:33:58.759+05:30  INFO 7240 --- [SpringDataJPA] [restartedMain] o.s.b.w.embedded.tomcat.TomcatWebServer  : Tomcat initialized with port 8081 (http)
2024-09-11T22:33:58.761+05:30  INFO 7240 --- [SpringDataJPA] [restartedMain] o.apache.catalina.core.StandardService   : Starting service [Tomcat]
2024-09-11T22:33:58.761+05:30  INFO 7240 --- [SpringDataJPA] [restartedMain] o.apache.catalina.core.StandardEngine    : Starting Servlet engine: [Apache Tomcat/10.1.28]
2024-09-11T22:33:58.788+05:30  INFO 7240 --- [SpringDataJPA] [restartedMain] o.a.c.c.C.[Tomcat-1].[localhost].[/]     : Initializing Spring embedded WebApplicationContext
2024-09-11T22:33:58.788+05:30  INFO 7240 --- [SpringDataJPA] [restartedMain] w.s.c.ServletWebServerApplicationContext : Root WebApplicationContext: initialization completed in 324 ms
2024-09-11T22:33:58.820+05:30  INFO 7240 --- [SpringDataJPA] [restartedMain] o.hibernate.jpa.internal.util.LogHelper  : HHH000204: Processing PersistenceUnitInfo [name: default]
2024-09-11T22:33:58.824+05:30  INFO 7240 --- [SpringDataJPA] [restartedMain] o.h.c.internal.RegionFactoryInitiator    : HHH000026: Second-level cache disabled
2024-09-11T22:33:58.833+05:30  INFO 7240 --- [SpringDataJPA] [restartedMain] o.s.o.j.p.SpringPersistenceUnitInfo      : No LoadTimeWeaver setup: ignoring JPA class transformer
2024-09-11T22:33:58.833+05:30  INFO 7240 --- [SpringDataJPA] [restartedMain] com.zaxxer.hikari.HikariDataSource       : HikariPool-14 - Starting...
2024-09-11T22:33:58.847+05:30  INFO 7240 --- [SpringDataJPA] [restartedMain] com.zaxxer.hikari.pool.HikariPool        : HikariPool-14 - Added connection com.mysql.cj.jdbc.ConnectionImpl@34175e3a
2024-09-11T22:33:58.847+05:30  INFO 7240 --- [SpringDataJPA] [restartedMain] com.zaxxer.hikari.HikariDataSource       : HikariPool-14 - Start completed.
2024-09-11T22:33:58.880+05:30  INFO 7240 --- [SpringDataJPA] [restartedMain] o.h.e.t.j.p.i.JtaPlatformInitiator       : HHH000489: No JTA platform available (set 'hibernate.transaction.jta.platform' to enable JTA platform integration)
2024-09-11T22:33:58.886+05:30  INFO 7240 --- [SpringDataJPA] [restartedMain] j.LocalContainerEntityManagerFactoryBean : Initialized JPA EntityManagerFactory for persistence unit 'default'
2024-09-11T22:33:58.940+05:30  WARN 7240 --- [SpringDataJPA] [restartedMain] JpaBaseConfiguration$JpaWebConfiguration : spring.jpa.open-in-view is enabled by default. Therefore, database queries may be performed during view rendering. Explicitly configure spring.jpa.open-in-view to disable this warning
2024-09-11T22:33:59.036+05:30  INFO 7240 --- [SpringDataJPA] [restartedMain] o.s.b.d.a.OptionalLiveReloadServer       : LiveReload server is running on port 35729
2024-09-11T22:33:59.048+05:30  INFO 7240 --- [SpringDataJPA] [restartedMain] o.s.b.w.embedded.tomcat.TomcatWebServer  : Tomcat started on port 8081 (http) with context path '/'
2024-09-11T22:33:59.050+05:30  INFO 7240 --- [SpringDataJPA] [restartedMain] com.revature.SpringDataJpaApplication    : Started SpringDataJpaApplication in 0.612 seconds (process running for 3971.112)
2024-09-11T22:33:59.050+05:30  INFO 7240 --- [SpringDataJPA] [restartedMain] .ConditionEvaluationDeltaLoggingListener : Condition evaluation unchanged
2024-09-11T22:35:40.444+05:30  INFO 7240 --- [SpringDataJPA] [File Watcher] rtingClassPathChangeChangedEventListener : Restarting due to 1 class path change (0 additions, 0 deletions, 1 modification)
2024-09-11T22:35:40.459+05:30  INFO 7240 --- [SpringDataJPA] [Thread-54] j.LocalContainerEntityManagerFactoryBean : Closing JPA EntityManagerFactory for persistence unit 'default'
2024-09-11T22:35:40.459+05:30  INFO 7240 --- [SpringDataJPA] [Thread-54] com.zaxxer.hikari.HikariDataSource       : HikariPool-14 - Shutdown initiated...
2024-09-11T22:35:40.463+05:30  INFO 7240 --- [SpringDataJPA] [Thread-54] com.zaxxer.hikari.HikariDataSource       : HikariPool-14 - Shutdown completed.
2024-09-11T22:35:40.536+05:30  INFO 7240 --- [SpringDataJPA] [restartedMain] com.revature.SpringDataJpaApplication    : Starting SpringDataJpaApplication using Java 21.0.3 with PID 7240 (C:\2024Training\TRNG-00001988\091124\SpringDataJPA\target\classes started by JasdhirSingh in C:\2024Training\TRNG-00001988\091124\SpringDataJPA)
2024-09-11T22:35:40.541+05:30  INFO 7240 --- [SpringDataJPA] [restartedMain] com.revature.SpringDataJpaApplication    : No active profile set, falling back to 1 default profile: "default"
2024-09-11T22:35:40.710+05:30  INFO 7240 --- [SpringDataJPA] [restartedMain] .s.d.r.c.RepositoryConfigurationDelegate : Bootstrapping Spring Data JPA repositories in DEFAULT mode.
2024-09-11T22:35:40.718+05:30  INFO 7240 --- [SpringDataJPA] [restartedMain] .s.d.r.c.RepositoryConfigurationDelegate : Finished Spring Data repository scanning in 7 ms. Found 1 JPA repository interface.
2024-09-11T22:35:40.784+05:30  INFO 7240 --- [SpringDataJPA] [restartedMain] o.s.b.w.embedded.tomcat.TomcatWebServer  : Tomcat initialized with port 8081 (http)
2024-09-11T22:35:40.785+05:30  INFO 7240 --- [SpringDataJPA] [restartedMain] o.apache.catalina.core.StandardService   : Starting service [Tomcat]
2024-09-11T22:35:40.785+05:30  INFO 7240 --- [SpringDataJPA] [restartedMain] o.apache.catalina.core.StandardEngine    : Starting Servlet engine: [Apache Tomcat/10.1.28]
2024-09-11T22:35:40.812+05:30  INFO 7240 --- [SpringDataJPA] [restartedMain] o.a.c.c.C.[Tomcat-1].[localhost].[/]     : Initializing Spring embedded WebApplicationContext
2024-09-11T22:35:40.812+05:30  INFO 7240 --- [SpringDataJPA] [restartedMain] w.s.c.ServletWebServerApplicationContext : Root WebApplicationContext: initialization completed in 269 ms
2024-09-11T22:35:40.846+05:30  INFO 7240 --- [SpringDataJPA] [restartedMain] o.hibernate.jpa.internal.util.LogHelper  : HHH000204: Processing PersistenceUnitInfo [name: default]
2024-09-11T22:35:40.849+05:30  INFO 7240 --- [SpringDataJPA] [restartedMain] o.h.c.internal.RegionFactoryInitiator    : HHH000026: Second-level cache disabled
2024-09-11T22:35:40.856+05:30  INFO 7240 --- [SpringDataJPA] [restartedMain] o.s.o.j.p.SpringPersistenceUnitInfo      : No LoadTimeWeaver setup: ignoring JPA class transformer
2024-09-11T22:35:40.857+05:30  INFO 7240 --- [SpringDataJPA] [restartedMain] com.zaxxer.hikari.HikariDataSource       : HikariPool-15 - Starting...
2024-09-11T22:35:40.868+05:30  INFO 7240 --- [SpringDataJPA] [restartedMain] com.zaxxer.hikari.pool.HikariPool        : HikariPool-15 - Added connection com.mysql.cj.jdbc.ConnectionImpl@152b8b2a
2024-09-11T22:35:40.868+05:30  INFO 7240 --- [SpringDataJPA] [restartedMain] com.zaxxer.hikari.HikariDataSource       : HikariPool-15 - Start completed.
2024-09-11T22:35:40.895+05:30  INFO 7240 --- [SpringDataJPA] [restartedMain] o.h.e.t.j.p.i.JtaPlatformInitiator       : HHH000489: No JTA platform available (set 'hibernate.transaction.jta.platform' to enable JTA platform integration)
2024-09-11T22:35:40.907+05:30  INFO 7240 --- [SpringDataJPA] [restartedMain] j.LocalContainerEntityManagerFactoryBean : Initialized JPA EntityManagerFactory for persistence unit 'default'
2024-09-11T22:35:40.964+05:30  WARN 7240 --- [SpringDataJPA] [restartedMain] JpaBaseConfiguration$JpaWebConfiguration : spring.jpa.open-in-view is enabled by default. Therefore, database queries may be performed during view rendering. Explicitly configure spring.jpa.open-in-view to disable this warning
2024-09-11T22:35:41.060+05:30  INFO 7240 --- [SpringDataJPA] [restartedMain] o.s.b.d.a.OptionalLiveReloadServer       : LiveReload server is running on port 35729
2024-09-11T22:35:41.073+05:30  INFO 7240 --- [SpringDataJPA] [restartedMain] o.s.b.w.embedded.tomcat.TomcatWebServer  : Tomcat started on port 8081 (http) with context path '/'
2024-09-11T22:35:41.076+05:30  INFO 7240 --- [SpringDataJPA] [restartedMain] com.revature.SpringDataJpaApplication    : Started SpringDataJpaApplication in 0.562 seconds (process running for 4073.139)
2024-09-11T22:35:41.077+05:30  INFO 7240 --- [SpringDataJPA] [restartedMain] .ConditionEvaluationDeltaLoggingListener : Condition evaluation unchanged
2024-09-11T22:36:14.142+05:30  INFO 7240 --- [SpringDataJPA] [http-nio-8081-exec-1] o.a.c.c.C.[Tomcat-1].[localhost].[/]     : Initializing Spring DispatcherServlet 'dispatcherServlet'
2024-09-11T22:36:14.142+05:30  INFO 7240 --- [SpringDataJPA] [http-nio-8081-exec-1] o.s.web.servlet.DispatcherServlet        : Initializing Servlet 'dispatcherServlet'
2024-09-11T22:36:14.144+05:30  INFO 7240 --- [SpringDataJPA] [http-nio-8081-exec-1] o.s.web.servlet.DispatcherServlet        : Completed initialization in 2 ms
2024-09-11T22:36:14.150+05:30  INFO 7240 --- [SpringDataJPA] [http-nio-8081-exec-1] com.revature.aspect.LoggingAspect        : Before Execution of execution(Optional com.revature.controllers.EmployeeController.getEmployeeById(int))
2024-09-11T22:36:14.160+05:30  INFO 7240 --- [SpringDataJPA] [http-nio-8081-exec-1] com.revature.aspect.LoggingAspect        : Before Execution of execution(Optional com.revature.controllers.EmployeeController.getEmployeeById(int))
2024-09-11T22:36:14.163+05:30  INFO 7240 --- [SpringDataJPA] [http-nio-8081-exec-1] com.revature.aspect.LoggingAspect        : Optional[Employee [id=2, name=Manjeet, salary=5100.0]]
2024-09-11T22:36:14.163+05:30  INFO 7240 --- [SpringDataJPA] [http-nio-8081-exec-1] com.revature.aspect.LoggingAspect        : Time Taken by execution(Optional com.revature.controllers.EmployeeController.getEmployeeById(int)) is 14
2024-09-11T22:36:32.964+05:30  INFO 7240 --- [SpringDataJPA] [http-nio-8081-exec-2] com.revature.aspect.LoggingAspect        : Before Execution of execution(List com.revature.controllers.EmployeeController.getEmployees())
2024-09-11T22:36:32.974+05:30  INFO 7240 --- [SpringDataJPA] [http-nio-8081-exec-2] com.revature.aspect.LoggingAspect        : Before Execution of execution(List com.revature.controllers.EmployeeController.getEmployees())
2024-09-11T22:36:32.974+05:30  INFO 7240 --- [SpringDataJPA] [http-nio-8081-exec-2] com.revature.aspect.LoggingAspect        : [Employee [id=1, name=Jasdhir, salary=5000.0], Employee [id=2, name=Manjeet, salary=5100.0]]
2024-09-11T22:36:32.974+05:30  INFO 7240 --- [SpringDataJPA] [http-nio-8081-exec-2] com.revature.aspect.LoggingAspect        : Time Taken by execution(List com.revature.controllers.EmployeeController.getEmployees()) is 10
2024-09-11T22:36:37.538+05:30  INFO 7240 --- [SpringDataJPA] [http-nio-8081-exec-3] com.revature.aspect.LoggingAspect        : Before Execution of execution(List com.revature.controllers.EmployeeController.getEmployees())
2024-09-11T22:36:37.543+05:30  INFO 7240 --- [SpringDataJPA] [http-nio-8081-exec-3] com.revature.aspect.LoggingAspect        : Before Execution of execution(List com.revature.controllers.EmployeeController.getEmployees())
2024-09-11T22:36:37.543+05:30  INFO 7240 --- [SpringDataJPA] [http-nio-8081-exec-3] com.revature.aspect.LoggingAspect        : [Employee [id=1, name=Jasdhir, salary=5000.0], Employee [id=2, name=Manjeet, salary=5100.0]]
2024-09-11T22:36:37.543+05:30  INFO 7240 --- [SpringDataJPA] [http-nio-8081-exec-3] com.revature.aspect.LoggingAspect        : Time Taken by execution(List com.revature.controllers.EmployeeController.getEmployees()) is 5
2024-09-11T22:37:15.863+05:30  INFO 7240 --- [SpringDataJPA] [File Watcher] rtingClassPathChangeChangedEventListener : Restarting due to 1 class path change (0 additions, 0 deletions, 1 modification)
2024-09-11T22:37:15.881+05:30  INFO 7240 --- [SpringDataJPA] [Thread-58] j.LocalContainerEntityManagerFactoryBean : Closing JPA EntityManagerFactory for persistence unit 'default'
2024-09-11T22:37:15.881+05:30  INFO 7240 --- [SpringDataJPA] [Thread-58] com.zaxxer.hikari.HikariDataSource       : HikariPool-15 - Shutdown initiated...
2024-09-11T22:37:15.884+05:30  INFO 7240 --- [SpringDataJPA] [Thread-58] com.zaxxer.hikari.HikariDataSource       : HikariPool-15 - Shutdown completed.
2024-09-11T22:37:15.963+05:30  INFO 7240 --- [SpringDataJPA] [restartedMain] com.revature.SpringDataJpaApplication    : Starting SpringDataJpaApplication using Java 21.0.3 with PID 7240 (C:\2024Training\TRNG-00001988\091124\SpringDataJPA\target\classes started by JasdhirSingh in C:\2024Training\TRNG-00001988\091124\SpringDataJPA)
2024-09-11T22:37:15.968+05:30  INFO 7240 --- [SpringDataJPA] [restartedMain] com.revature.SpringDataJpaApplication    : No active profile set, falling back to 1 default profile: "default"
2024-09-11T22:37:16.158+05:30  INFO 7240 --- [SpringDataJPA] [restartedMain] .s.d.r.c.RepositoryConfigurationDelegate : Bootstrapping Spring Data JPA repositories in DEFAULT mode.
2024-09-11T22:37:16.168+05:30  INFO 7240 --- [SpringDataJPA] [restartedMain] .s.d.r.c.RepositoryConfigurationDelegate : Finished Spring Data repository scanning in 9 ms. Found 1 JPA repository interface.
2024-09-11T22:37:16.259+05:30  INFO 7240 --- [SpringDataJPA] [restartedMain] o.s.b.w.embedded.tomcat.TomcatWebServer  : Tomcat initialized with port 8081 (http)
2024-09-11T22:37:16.260+05:30  INFO 7240 --- [SpringDataJPA] [restartedMain] o.apache.catalina.core.StandardService   : Starting service [Tomcat]
2024-09-11T22:37:16.260+05:30  INFO 7240 --- [SpringDataJPA] [restartedMain] o.apache.catalina.core.StandardEngine    : Starting Servlet engine: [Apache Tomcat/10.1.28]
2024-09-11T22:37:16.287+05:30  INFO 7240 --- [SpringDataJPA] [restartedMain] o.a.c.c.C.[Tomcat-1].[localhost].[/]     : Initializing Spring embedded WebApplicationContext
2024-09-11T22:37:16.287+05:30  INFO 7240 --- [SpringDataJPA] [restartedMain] w.s.c.ServletWebServerApplicationContext : Root WebApplicationContext: initialization completed in 316 ms
2024-09-11T22:37:16.316+05:30  INFO 7240 --- [SpringDataJPA] [restartedMain] o.hibernate.jpa.internal.util.LogHelper  : HHH000204: Processing PersistenceUnitInfo [name: default]
2024-09-11T22:37:16.318+05:30  INFO 7240 --- [SpringDataJPA] [restartedMain] o.h.c.internal.RegionFactoryInitiator    : HHH000026: Second-level cache disabled
2024-09-11T22:37:16.325+05:30  INFO 7240 --- [SpringDataJPA] [restartedMain] o.s.o.j.p.SpringPersistenceUnitInfo      : No LoadTimeWeaver setup: ignoring JPA class transformer
2024-09-11T22:37:16.326+05:30  INFO 7240 --- [SpringDataJPA] [restartedMain] com.zaxxer.hikari.HikariDataSource       : HikariPool-16 - Starting...
2024-09-11T22:37:16.337+05:30  INFO 7240 --- [SpringDataJPA] [restartedMain] com.zaxxer.hikari.pool.HikariPool        : HikariPool-16 - Added connection com.mysql.cj.jdbc.ConnectionImpl@27caf352
2024-09-11T22:37:16.338+05:30  INFO 7240 --- [SpringDataJPA] [restartedMain] com.zaxxer.hikari.HikariDataSource       : HikariPool-16 - Start completed.
2024-09-11T22:37:16.373+05:30  INFO 7240 --- [SpringDataJPA] [restartedMain] o.h.e.t.j.p.i.JtaPlatformInitiator       : HHH000489: No JTA platform available (set 'hibernate.transaction.jta.platform' to enable JTA platform integration)
2024-09-11T22:37:16.379+05:30  INFO 7240 --- [SpringDataJPA] [restartedMain] j.LocalContainerEntityManagerFactoryBean : Initialized JPA EntityManagerFactory for persistence unit 'default'
2024-09-11T22:37:16.433+05:30  WARN 7240 --- [SpringDataJPA] [restartedMain] JpaBaseConfiguration$JpaWebConfiguration : spring.jpa.open-in-view is enabled by default. Therefore, database queries may be performed during view rendering. Explicitly configure spring.jpa.open-in-view to disable this warning
2024-09-11T22:37:16.514+05:30  INFO 7240 --- [SpringDataJPA] [restartedMain] o.s.b.d.a.OptionalLiveReloadServer       : LiveReload server is running on port 35729
2024-09-11T22:37:16.524+05:30  INFO 7240 --- [SpringDataJPA] [restartedMain] o.s.b.w.embedded.tomcat.TomcatWebServer  : Tomcat started on port 8081 (http) with context path '/'
2024-09-11T22:37:16.526+05:30  INFO 7240 --- [SpringDataJPA] [restartedMain] com.revature.SpringDataJpaApplication    : Started SpringDataJpaApplication in 0.59 seconds (process running for 4168.589)
2024-09-11T22:37:16.527+05:30  INFO 7240 --- [SpringDataJPA] [restartedMain] .ConditionEvaluationDeltaLoggingListener : Condition evaluation unchanged
2024-09-11T22:37:20.565+05:30  INFO 7240 --- [SpringDataJPA] [http-nio-8081-exec-1] o.a.c.c.C.[Tomcat-1].[localhost].[/]     : Initializing Spring DispatcherServlet 'dispatcherServlet'
2024-09-11T22:37:20.566+05:30  INFO 7240 --- [SpringDataJPA] [http-nio-8081-exec-1] o.s.web.servlet.DispatcherServlet        : Initializing Servlet 'dispatcherServlet'
2024-09-11T22:37:20.566+05:30  INFO 7240 --- [SpringDataJPA] [http-nio-8081-exec-1] o.s.web.servlet.DispatcherServlet        : Completed initialization in 0 ms
2024-09-11T22:37:20.570+05:30  INFO 7240 --- [SpringDataJPA] [http-nio-8081-exec-1] com.revature.aspect.LoggingAspect        : Time Taken by execution(List com.revature.controllers.EmployeeController.getEmployees()) is 0
2024-09-11T22:37:39.470+05:30  INFO 7240 --- [SpringDataJPA] [File Watcher] rtingClassPathChangeChangedEventListener : Restarting due to 1 class path change (0 additions, 0 deletions, 1 modification)
2024-09-11T22:37:39.482+05:30  INFO 7240 --- [SpringDataJPA] [Thread-62] j.LocalContainerEntityManagerFactoryBean : Closing JPA EntityManagerFactory for persistence unit 'default'
2024-09-11T22:37:39.482+05:30  INFO 7240 --- [SpringDataJPA] [Thread-62] com.zaxxer.hikari.HikariDataSource       : HikariPool-16 - Shutdown initiated...
2024-09-11T22:37:39.485+05:30  INFO 7240 --- [SpringDataJPA] [Thread-62] com.zaxxer.hikari.HikariDataSource       : HikariPool-16 - Shutdown completed.
2024-09-11T22:37:39.569+05:30  INFO 7240 --- [SpringDataJPA] [restartedMain] com.revature.SpringDataJpaApplication    : Starting SpringDataJpaApplication using Java 21.0.3 with PID 7240 (C:\2024Training\TRNG-00001988\091124\SpringDataJPA\target\classes started by JasdhirSingh in C:\2024Training\TRNG-00001988\091124\SpringDataJPA)
2024-09-11T22:37:39.574+05:30  INFO 7240 --- [SpringDataJPA] [restartedMain] com.revature.SpringDataJpaApplication    : No active profile set, falling back to 1 default profile: "default"
2024-09-11T22:37:39.741+05:30  INFO 7240 --- [SpringDataJPA] [restartedMain] .s.d.r.c.RepositoryConfigurationDelegate : Bootstrapping Spring Data JPA repositories in DEFAULT mode.
2024-09-11T22:37:39.752+05:30  INFO 7240 --- [SpringDataJPA] [restartedMain] .s.d.r.c.RepositoryConfigurationDelegate : Finished Spring Data repository scanning in 11 ms. Found 1 JPA repository interface.
2024-09-11T22:37:39.836+05:30  INFO 7240 --- [SpringDataJPA] [restartedMain] o.s.b.w.embedded.tomcat.TomcatWebServer  : Tomcat initialized with port 8081 (http)
2024-09-11T22:37:39.837+05:30  INFO 7240 --- [SpringDataJPA] [restartedMain] o.apache.catalina.core.StandardService   : Starting service [Tomcat]
2024-09-11T22:37:39.837+05:30  INFO 7240 --- [SpringDataJPA] [restartedMain] o.apache.catalina.core.StandardEngine    : Starting Servlet engine: [Apache Tomcat/10.1.28]
2024-09-11T22:37:39.870+05:30  INFO 7240 --- [SpringDataJPA] [restartedMain] o.a.c.c.C.[Tomcat-1].[localhost].[/]     : Initializing Spring embedded WebApplicationContext
2024-09-11T22:37:39.870+05:30  INFO 7240 --- [SpringDataJPA] [restartedMain] w.s.c.ServletWebServerApplicationContext : Root WebApplicationContext: initialization completed in 294 ms
2024-09-11T22:37:39.904+05:30  INFO 7240 --- [SpringDataJPA] [restartedMain] o.hibernate.jpa.internal.util.LogHelper  : HHH000204: Processing PersistenceUnitInfo [name: default]
2024-09-11T22:37:39.907+05:30  INFO 7240 --- [SpringDataJPA] [restartedMain] o.h.c.internal.RegionFactoryInitiator    : HHH000026: Second-level cache disabled
2024-09-11T22:37:39.915+05:30  INFO 7240 --- [SpringDataJPA] [restartedMain] o.s.o.j.p.SpringPersistenceUnitInfo      : No LoadTimeWeaver setup: ignoring JPA class transformer
2024-09-11T22:37:39.916+05:30  INFO 7240 --- [SpringDataJPA] [restartedMain] com.zaxxer.hikari.HikariDataSource       : HikariPool-17 - Starting...
2024-09-11T22:37:39.926+05:30  INFO 7240 --- [SpringDataJPA] [restartedMain] com.zaxxer.hikari.pool.HikariPool        : HikariPool-17 - Added connection com.mysql.cj.jdbc.ConnectionImpl@529754d7
2024-09-11T22:37:39.927+05:30  INFO 7240 --- [SpringDataJPA] [restartedMain] com.zaxxer.hikari.HikariDataSource       : HikariPool-17 - Start completed.
2024-09-11T22:37:39.953+05:30  INFO 7240 --- [SpringDataJPA] [restartedMain] o.h.e.t.j.p.i.JtaPlatformInitiator       : HHH000489: No JTA platform available (set 'hibernate.transaction.jta.platform' to enable JTA platform integration)
2024-09-11T22:37:39.959+05:30  INFO 7240 --- [SpringDataJPA] [restartedMain] j.LocalContainerEntityManagerFactoryBean : Initialized JPA EntityManagerFactory for persistence unit 'default'
2024-09-11T22:37:40.016+05:30  WARN 7240 --- [SpringDataJPA] [restartedMain] JpaBaseConfiguration$JpaWebConfiguration : spring.jpa.open-in-view is enabled by default. Therefore, database queries may be performed during view rendering. Explicitly configure spring.jpa.open-in-view to disable this warning
2024-09-11T22:37:40.105+05:30  INFO 7240 --- [SpringDataJPA] [restartedMain] o.s.b.d.a.OptionalLiveReloadServer       : LiveReload server is running on port 35729
2024-09-11T22:37:40.117+05:30  INFO 7240 --- [SpringDataJPA] [restartedMain] o.s.b.w.embedded.tomcat.TomcatWebServer  : Tomcat started on port 8081 (http) with context path '/'
2024-09-11T22:37:40.119+05:30  INFO 7240 --- [SpringDataJPA] [restartedMain] com.revature.SpringDataJpaApplication    : Started SpringDataJpaApplication in 0.579 seconds (process running for 4192.182)
2024-09-11T22:37:40.120+05:30  INFO 7240 --- [SpringDataJPA] [restartedMain] .ConditionEvaluationDeltaLoggingListener : Condition evaluation unchanged
2024-09-11T22:38:19.512+05:30  INFO 7240 --- [SpringDataJPA] [File Watcher] rtingClassPathChangeChangedEventListener : Restarting due to 1 class path change (0 additions, 0 deletions, 1 modification)
2024-09-11T22:38:19.525+05:30  INFO 7240 --- [SpringDataJPA] [Thread-66] j.LocalContainerEntityManagerFactoryBean : Closing JPA EntityManagerFactory for persistence unit 'default'
2024-09-11T22:38:19.525+05:30  INFO 7240 --- [SpringDataJPA] [Thread-66] com.zaxxer.hikari.HikariDataSource       : HikariPool-17 - Shutdown initiated...
2024-09-11T22:38:19.529+05:30  INFO 7240 --- [SpringDataJPA] [Thread-66] com.zaxxer.hikari.HikariDataSource       : HikariPool-17 - Shutdown completed.
2024-09-11T22:38:19.604+05:30  INFO 7240 --- [SpringDataJPA] [restartedMain] com.revature.SpringDataJpaApplication    : Starting SpringDataJpaApplication using Java 21.0.3 with PID 7240 (C:\2024Training\TRNG-00001988\091124\SpringDataJPA\target\classes started by JasdhirSingh in C:\2024Training\TRNG-00001988\091124\SpringDataJPA)
2024-09-11T22:38:19.609+05:30  INFO 7240 --- [SpringDataJPA] [restartedMain] com.revature.SpringDataJpaApplication    : No active profile set, falling back to 1 default profile: "default"
2024-09-11T22:38:19.774+05:30  INFO 7240 --- [SpringDataJPA] [restartedMain] .s.d.r.c.RepositoryConfigurationDelegate : Bootstrapping Spring Data JPA repositories in DEFAULT mode.
2024-09-11T22:38:19.783+05:30  INFO 7240 --- [SpringDataJPA] [restartedMain] .s.d.r.c.RepositoryConfigurationDelegate : Finished Spring Data repository scanning in 8 ms. Found 1 JPA repository interface.
2024-09-11T22:38:19.852+05:30  INFO 7240 --- [SpringDataJPA] [restartedMain] o.s.b.w.embedded.tomcat.TomcatWebServer  : Tomcat initialized with port 8081 (http)
2024-09-11T22:38:19.852+05:30  INFO 7240 --- [SpringDataJPA] [restartedMain] o.apache.catalina.core.StandardService   : Starting service [Tomcat]
2024-09-11T22:38:19.852+05:30  INFO 7240 --- [SpringDataJPA] [restartedMain] o.apache.catalina.core.StandardEngine    : Starting Servlet engine: [Apache Tomcat/10.1.28]
2024-09-11T22:38:19.876+05:30  INFO 7240 --- [SpringDataJPA] [restartedMain] o.a.c.c.C.[Tomcat-1].[localhost].[/]     : Initializing Spring embedded WebApplicationContext
2024-09-11T22:38:19.876+05:30  INFO 7240 --- [SpringDataJPA] [restartedMain] w.s.c.ServletWebServerApplicationContext : Root WebApplicationContext: initialization completed in 266 ms
2024-09-11T22:38:19.902+05:30  INFO 7240 --- [SpringDataJPA] [restartedMain] o.hibernate.jpa.internal.util.LogHelper  : HHH000204: Processing PersistenceUnitInfo [name: default]
2024-09-11T22:38:19.904+05:30  INFO 7240 --- [SpringDataJPA] [restartedMain] o.h.c.internal.RegionFactoryInitiator    : HHH000026: Second-level cache disabled
2024-09-11T22:38:19.910+05:30  INFO 7240 --- [SpringDataJPA] [restartedMain] o.s.o.j.p.SpringPersistenceUnitInfo      : No LoadTimeWeaver setup: ignoring JPA class transformer
2024-09-11T22:38:19.911+05:30  INFO 7240 --- [SpringDataJPA] [restartedMain] com.zaxxer.hikari.HikariDataSource       : HikariPool-18 - Starting...
2024-09-11T22:38:19.923+05:30  INFO 7240 --- [SpringDataJPA] [restartedMain] com.zaxxer.hikari.pool.HikariPool        : HikariPool-18 - Added connection com.mysql.cj.jdbc.ConnectionImpl@6d90475d
2024-09-11T22:38:19.923+05:30  INFO 7240 --- [SpringDataJPA] [restartedMain] com.zaxxer.hikari.HikariDataSource       : HikariPool-18 - Start completed.
2024-09-11T22:38:19.950+05:30  INFO 7240 --- [SpringDataJPA] [restartedMain] o.h.e.t.j.p.i.JtaPlatformInitiator       : HHH000489: No JTA platform available (set 'hibernate.transaction.jta.platform' to enable JTA platform integration)
2024-09-11T22:38:19.955+05:30  INFO 7240 --- [SpringDataJPA] [restartedMain] j.LocalContainerEntityManagerFactoryBean : Initialized JPA EntityManagerFactory for persistence unit 'default'
2024-09-11T22:38:20.014+05:30  WARN 7240 --- [SpringDataJPA] [restartedMain] JpaBaseConfiguration$JpaWebConfiguration : spring.jpa.open-in-view is enabled by default. Therefore, database queries may be performed during view rendering. Explicitly configure spring.jpa.open-in-view to disable this warning
2024-09-11T22:38:20.093+05:30  INFO 7240 --- [SpringDataJPA] [restartedMain] o.s.b.d.a.OptionalLiveReloadServer       : LiveReload server is running on port 35729
2024-09-11T22:38:20.104+05:30  INFO 7240 --- [SpringDataJPA] [restartedMain] o.s.b.w.embedded.tomcat.TomcatWebServer  : Tomcat started on port 8081 (http) with context path '/'
2024-09-11T22:38:20.106+05:30  INFO 7240 --- [SpringDataJPA] [restartedMain] com.revature.SpringDataJpaApplication    : Started SpringDataJpaApplication in 0.526 seconds (process running for 4232.169)
2024-09-11T22:38:20.107+05:30  INFO 7240 --- [SpringDataJPA] [restartedMain] .ConditionEvaluationDeltaLoggingListener : Condition evaluation unchanged
2024-09-11T22:38:28.716+05:30  INFO 7240 --- [SpringDataJPA] [http-nio-8081-exec-1] o.a.c.c.C.[Tomcat-1].[localhost].[/]     : Initializing Spring DispatcherServlet 'dispatcherServlet'
2024-09-11T22:38:28.716+05:30  INFO 7240 --- [SpringDataJPA] [http-nio-8081-exec-1] o.s.web.servlet.DispatcherServlet        : Initializing Servlet 'dispatcherServlet'
2024-09-11T22:38:28.716+05:30  INFO 7240 --- [SpringDataJPA] [http-nio-8081-exec-1] o.s.web.servlet.DispatcherServlet        : Completed initialization in 0 ms
2024-09-11T22:38:28.719+05:30  INFO 7240 --- [SpringDataJPA] [http-nio-8081-exec-1] com.revature.aspect.LoggingAspect        : Before Execution of execution(List com.revature.controllers.EmployeeController.getEmployees())
2024-09-11T22:38:28.727+05:30  INFO 7240 --- [SpringDataJPA] [http-nio-8081-exec-1] com.revature.aspect.LoggingAspect        : Before Execution of execution(List com.revature.controllers.EmployeeController.getEmployees())
2024-09-11T22:38:28.728+05:30  INFO 7240 --- [SpringDataJPA] [http-nio-8081-exec-1] com.revature.aspect.LoggingAspect        : [Employee [id=1, name=Jasdhir, salary=5000.0], Employee [id=2, name=Manjeet, salary=5100.0]]
2024-09-11T22:38:28.729+05:30  INFO 7240 --- [SpringDataJPA] [http-nio-8081-exec-1] com.revature.aspect.LoggingAspect        : Time Taken by execution(List com.revature.controllers.EmployeeController.getEmployees()) is 10
2024-09-11T22:39:19.964+05:30  INFO 7240 --- [SpringDataJPA] [File Watcher] rtingClassPathChangeChangedEventListener : Restarting due to 1 class path change (0 additions, 0 deletions, 1 modification)
2024-09-11T22:39:19.983+05:30  INFO 7240 --- [SpringDataJPA] [Thread-70] j.LocalContainerEntityManagerFactoryBean : Closing JPA EntityManagerFactory for persistence unit 'default'
2024-09-11T22:39:19.983+05:30  INFO 7240 --- [SpringDataJPA] [Thread-70] com.zaxxer.hikari.HikariDataSource       : HikariPool-18 - Shutdown initiated...
2024-09-11T22:39:19.985+05:30  INFO 7240 --- [SpringDataJPA] [Thread-70] com.zaxxer.hikari.HikariDataSource       : HikariPool-18 - Shutdown completed.
2024-09-11T22:39:20.058+05:30  INFO 7240 --- [SpringDataJPA] [restartedMain] com.revature.SpringDataJpaApplication    : Starting SpringDataJpaApplication using Java 21.0.3 with PID 7240 (C:\2024Training\TRNG-00001988\091124\SpringDataJPA\target\classes started by JasdhirSingh in C:\2024Training\TRNG-00001988\091124\SpringDataJPA)
2024-09-11T22:39:20.063+05:30  INFO 7240 --- [SpringDataJPA] [restartedMain] com.revature.SpringDataJpaApplication    : No active profile set, falling back to 1 default profile: "default"
2024-09-11T22:39:20.237+05:30  INFO 7240 --- [SpringDataJPA] [restartedMain] .s.d.r.c.RepositoryConfigurationDelegate : Bootstrapping Spring Data JPA repositories in DEFAULT mode.
2024-09-11T22:39:20.246+05:30  INFO 7240 --- [SpringDataJPA] [restartedMain] .s.d.r.c.RepositoryConfigurationDelegate : Finished Spring Data repository scanning in 7 ms. Found 1 JPA repository interface.
2024-09-11T22:39:20.318+05:30  INFO 7240 --- [SpringDataJPA] [restartedMain] o.s.b.w.embedded.tomcat.TomcatWebServer  : Tomcat initialized with port 8081 (http)
2024-09-11T22:39:20.319+05:30  INFO 7240 --- [SpringDataJPA] [restartedMain] o.apache.catalina.core.StandardService   : Starting service [Tomcat]
2024-09-11T22:39:20.319+05:30  INFO 7240 --- [SpringDataJPA] [restartedMain] o.apache.catalina.core.StandardEngine    : Starting Servlet engine: [Apache Tomcat/10.1.28]
2024-09-11T22:39:20.341+05:30  INFO 7240 --- [SpringDataJPA] [restartedMain] o.a.c.c.C.[Tomcat-1].[localhost].[/]     : Initializing Spring embedded WebApplicationContext
2024-09-11T22:39:20.342+05:30  INFO 7240 --- [SpringDataJPA] [restartedMain] w.s.c.ServletWebServerApplicationContext : Root WebApplicationContext: initialization completed in 277 ms
2024-09-11T22:39:20.368+05:30  INFO 7240 --- [SpringDataJPA] [restartedMain] o.hibernate.jpa.internal.util.LogHelper  : HHH000204: Processing PersistenceUnitInfo [name: default]
2024-09-11T22:39:20.370+05:30  INFO 7240 --- [SpringDataJPA] [restartedMain] o.h.c.internal.RegionFactoryInitiator    : HHH000026: Second-level cache disabled
2024-09-11T22:39:20.376+05:30  INFO 7240 --- [SpringDataJPA] [restartedMain] o.s.o.j.p.SpringPersistenceUnitInfo      : No LoadTimeWeaver setup: ignoring JPA class transformer
2024-09-11T22:39:20.377+05:30  INFO 7240 --- [SpringDataJPA] [restartedMain] com.zaxxer.hikari.HikariDataSource       : HikariPool-19 - Starting...
2024-09-11T22:39:20.388+05:30  INFO 7240 --- [SpringDataJPA] [restartedMain] com.zaxxer.hikari.pool.HikariPool        : HikariPool-19 - Added connection com.mysql.cj.jdbc.ConnectionImpl@6a099070
2024-09-11T22:39:20.388+05:30  INFO 7240 --- [SpringDataJPA] [restartedMain] com.zaxxer.hikari.HikariDataSource       : HikariPool-19 - Start completed.
2024-09-11T22:39:20.416+05:30  INFO 7240 --- [SpringDataJPA] [restartedMain] o.h.e.t.j.p.i.JtaPlatformInitiator       : HHH000489: No JTA platform available (set 'hibernate.transaction.jta.platform' to enable JTA platform integration)
2024-09-11T22:39:20.421+05:30  INFO 7240 --- [SpringDataJPA] [restartedMain] j.LocalContainerEntityManagerFactoryBean : Initialized JPA EntityManagerFactory for persistence unit 'default'
2024-09-11T22:39:20.466+05:30  WARN 7240 --- [SpringDataJPA] [restartedMain] JpaBaseConfiguration$JpaWebConfiguration : spring.jpa.open-in-view is enabled by default. Therefore, database queries may be performed during view rendering. Explicitly configure spring.jpa.open-in-view to disable this warning
2024-09-11T22:39:20.545+05:30  INFO 7240 --- [SpringDataJPA] [restartedMain] o.s.b.d.a.OptionalLiveReloadServer       : LiveReload server is running on port 35729
2024-09-11T22:39:20.556+05:30  INFO 7240 --- [SpringDataJPA] [restartedMain] o.s.b.w.embedded.tomcat.TomcatWebServer  : Tomcat started on port 8081 (http) with context path '/'
2024-09-11T22:39:20.558+05:30  INFO 7240 --- [SpringDataJPA] [restartedMain] com.revature.SpringDataJpaApplication    : Started SpringDataJpaApplication in 0.522 seconds (process running for 4292.621)
2024-09-11T22:39:20.559+05:30  INFO 7240 --- [SpringDataJPA] [restartedMain] .ConditionEvaluationDeltaLoggingListener : Condition evaluation unchanged
2024-09-11T22:39:21.841+05:30  INFO 7240 --- [SpringDataJPA] [http-nio-8081-exec-1] o.a.c.c.C.[Tomcat-1].[localhost].[/]     : Initializing Spring DispatcherServlet 'dispatcherServlet'
2024-09-11T22:39:21.841+05:30  INFO 7240 --- [SpringDataJPA] [http-nio-8081-exec-1] o.s.web.servlet.DispatcherServlet        : Initializing Servlet 'dispatcherServlet'
2024-09-11T22:39:21.842+05:30  INFO 7240 --- [SpringDataJPA] [http-nio-8081-exec-1] o.s.web.servlet.DispatcherServlet        : Completed initialization in 1 ms
2024-09-11T22:39:21.844+05:30  INFO 7240 --- [SpringDataJPA] [http-nio-8081-exec-1] com.revature.aspect.LoggingAspect        : Before Execution of execution(List com.revature.controllers.EmployeeController.getEmployees())
2024-09-11T22:39:21.852+05:30  INFO 7240 --- [SpringDataJPA] [http-nio-8081-exec-1] com.revature.aspect.LoggingAspect        : Before Execution of execution(List com.revature.controllers.EmployeeController.getEmployees())
2024-09-11T22:39:21.852+05:30  INFO 7240 --- [SpringDataJPA] [http-nio-8081-exec-1] com.revature.aspect.LoggingAspect        : [Employee [id=1, name=Jasdhir, salary=5000.0], Employee [id=2, name=Manjeet, salary=5100.0]]
2024-09-11T22:42:17.016+05:30  INFO 7240 --- [SpringDataJPA] [File Watcher] rtingClassPathChangeChangedEventListener : Restarting due to 1 class path change (0 additions, 0 deletions, 1 modification)
2024-09-11T22:42:17.038+05:30  INFO 7240 --- [SpringDataJPA] [Thread-74] j.LocalContainerEntityManagerFactoryBean : Closing JPA EntityManagerFactory for persistence unit 'default'
2024-09-11T22:42:17.039+05:30  INFO 7240 --- [SpringDataJPA] [Thread-74] com.zaxxer.hikari.HikariDataSource       : HikariPool-19 - Shutdown initiated...
2024-09-11T22:42:17.043+05:30  INFO 7240 --- [SpringDataJPA] [Thread-74] com.zaxxer.hikari.HikariDataSource       : HikariPool-19 - Shutdown completed.
2024-09-11T22:42:17.136+05:30  INFO 7240 --- [SpringDataJPA] [restartedMain] com.revature.SpringDataJpaApplication    : Starting SpringDataJpaApplication using Java 21.0.3 with PID 7240 (C:\2024Training\TRNG-00001988\091124\SpringDataJPA\target\classes started by JasdhirSingh in C:\2024Training\TRNG-00001988\091124\SpringDataJPA)
2024-09-11T22:42:17.141+05:30  INFO 7240 --- [SpringDataJPA] [restartedMain] com.revature.SpringDataJpaApplication    : No active profile set, falling back to 1 default profile: "default"
2024-09-11T22:42:17.330+05:30  INFO 7240 --- [SpringDataJPA] [restartedMain] .s.d.r.c.RepositoryConfigurationDelegate : Bootstrapping Spring Data JPA repositories in DEFAULT mode.
2024-09-11T22:42:17.338+05:30  INFO 7240 --- [SpringDataJPA] [restartedMain] .s.d.r.c.RepositoryConfigurationDelegate : Finished Spring Data repository scanning in 7 ms. Found 1 JPA repository interface.
2024-09-11T22:42:17.405+05:30  INFO 7240 --- [SpringDataJPA] [restartedMain] o.s.b.w.embedded.tomcat.TomcatWebServer  : Tomcat initialized with port 8081 (http)
2024-09-11T22:42:17.405+05:30  INFO 7240 --- [SpringDataJPA] [restartedMain] o.apache.catalina.core.StandardService   : Starting service [Tomcat]
2024-09-11T22:42:17.406+05:30  INFO 7240 --- [SpringDataJPA] [restartedMain] o.apache.catalina.core.StandardEngine    : Starting Servlet engine: [Apache Tomcat/10.1.28]
2024-09-11T22:42:17.431+05:30  INFO 7240 --- [SpringDataJPA] [restartedMain] o.a.c.c.C.[Tomcat-1].[localhost].[/]     : Initializing Spring embedded WebApplicationContext
2024-09-11T22:42:17.432+05:30  INFO 7240 --- [SpringDataJPA] [restartedMain] w.s.c.ServletWebServerApplicationContext : Root WebApplicationContext: initialization completed in 287 ms
2024-09-11T22:42:17.460+05:30  INFO 7240 --- [SpringDataJPA] [restartedMain] o.hibernate.jpa.internal.util.LogHelper  : HHH000204: Processing PersistenceUnitInfo [name: default]
2024-09-11T22:42:17.463+05:30  INFO 7240 --- [SpringDataJPA] [restartedMain] o.h.c.internal.RegionFactoryInitiator    : HHH000026: Second-level cache disabled
2024-09-11T22:42:17.470+05:30  INFO 7240 --- [SpringDataJPA] [restartedMain] o.s.o.j.p.SpringPersistenceUnitInfo      : No LoadTimeWeaver setup: ignoring JPA class transformer
2024-09-11T22:42:17.470+05:30  INFO 7240 --- [SpringDataJPA] [restartedMain] com.zaxxer.hikari.HikariDataSource       : HikariPool-20 - Starting...
2024-09-11T22:42:17.484+05:30  INFO 7240 --- [SpringDataJPA] [restartedMain] com.zaxxer.hikari.pool.HikariPool        : HikariPool-20 - Added connection com.mysql.cj.jdbc.ConnectionImpl@49044490
2024-09-11T22:42:17.485+05:30  INFO 7240 --- [SpringDataJPA] [restartedMain] com.zaxxer.hikari.HikariDataSource       : HikariPool-20 - Start completed.
2024-09-11T22:42:17.515+05:30  INFO 7240 --- [SpringDataJPA] [restartedMain] o.h.e.t.j.p.i.JtaPlatformInitiator       : HHH000489: No JTA platform available (set 'hibernate.transaction.jta.platform' to enable JTA platform integration)
2024-09-11T22:42:17.521+05:30  INFO 7240 --- [SpringDataJPA] [restartedMain] j.LocalContainerEntityManagerFactoryBean : Initialized JPA EntityManagerFactory for persistence unit 'default'
2024-09-11T22:42:17.528+05:30  WARN 7240 --- [SpringDataJPA] [restartedMain] ConfigServletWebServerApplicationContext : Exception encountered during context initialization - cancelling refresh attempt: org.springframework.beans.factory.BeanCreationException: Error creating bean with name 'loggingAspect' defined in file [C:\2024Training\TRNG-00001988\091124\SpringDataJPA\target\classes\com\revature\aspect\LoggingAspect.class]: Failed to instantiate [com.revature.aspect.LoggingAspect]: Constructor threw exception
2024-09-11T22:42:17.528+05:30  INFO 7240 --- [SpringDataJPA] [restartedMain] j.LocalContainerEntityManagerFactoryBean : Closing JPA EntityManagerFactory for persistence unit 'default'
2024-09-11T22:42:17.528+05:30  INFO 7240 --- [SpringDataJPA] [restartedMain] com.zaxxer.hikari.HikariDataSource       : HikariPool-20 - Shutdown initiated...
2024-09-11T22:42:17.529+05:30  INFO 7240 --- [SpringDataJPA] [restartedMain] com.zaxxer.hikari.HikariDataSource       : HikariPool-20 - Shutdown completed.
2024-09-11T22:42:17.530+05:30  INFO 7240 --- [SpringDataJPA] [restartedMain] o.apache.catalina.core.StandardService   : Stopping service [Tomcat]
2024-09-11T22:42:17.533+05:30  INFO 7240 --- [SpringDataJPA] [restartedMain] .s.b.a.l.ConditionEvaluationReportLogger : 

Error starting ApplicationContext. To display the condition evaluation report re-run your application with 'debug' enabled.
2024-09-11T22:42:17.537+05:30 ERROR 7240 --- [SpringDataJPA] [restartedMain] o.s.boot.SpringApplication               : Application run failed

org.springframework.beans.factory.BeanCreationException: Error creating bean with name 'loggingAspect' defined in file [C:\2024Training\TRNG-00001988\091124\SpringDataJPA\target\classes\com\revature\aspect\LoggingAspect.class]: Failed to instantiate [com.revature.aspect.LoggingAspect]: Constructor threw exception
	at org.springframework.beans.factory.support.AbstractAutowireCapableBeanFactory.instantiateBean(AbstractAutowireCapableBeanFactory.java:1337) ~[spring-beans-6.1.12.jar:6.1.12]
	at org.springframework.beans.factory.support.AbstractAutowireCapableBeanFactory.createBeanInstance(AbstractAutowireCapableBeanFactory.java:1222) ~[spring-beans-6.1.12.jar:6.1.12]
	at org.springframework.beans.factory.support.AbstractAutowireCapableBeanFactory.doCreateBean(AbstractAutowireCapableBeanFactory.java:562) ~[spring-beans-6.1.12.jar:6.1.12]
	at org.springframework.beans.factory.support.AbstractAutowireCapableBeanFactory.createBean(AbstractAutowireCapableBeanFactory.java:522) ~[spring-beans-6.1.12.jar:6.1.12]
	at org.springframework.beans.factory.support.AbstractBeanFactory.lambda$doGetBean$0(AbstractBeanFactory.java:337) ~[spring-beans-6.1.12.jar:6.1.12]
	at org.springframework.beans.factory.support.DefaultSingletonBeanRegistry.getSingleton(DefaultSingletonBeanRegistry.java:234) ~[spring-beans-6.1.12.jar:6.1.12]
	at org.springframework.beans.factory.support.AbstractBeanFactory.doGetBean(AbstractBeanFactory.java:335) ~[spring-beans-6.1.12.jar:6.1.12]
	at org.springframework.beans.factory.support.AbstractBeanFactory.getBean(AbstractBeanFactory.java:200) ~[spring-beans-6.1.12.jar:6.1.12]
	at org.springframework.beans.factory.support.DefaultListableBeanFactory.preInstantiateSingletons(DefaultListableBeanFactory.java:975) ~[spring-beans-6.1.12.jar:6.1.12]
	at org.springframework.context.support.AbstractApplicationContext.finishBeanFactoryInitialization(AbstractApplicationContext.java:971) ~[spring-context-6.1.12.jar:6.1.12]
	at org.springframework.context.support.AbstractApplicationContext.refresh(AbstractApplicationContext.java:625) ~[spring-context-6.1.12.jar:6.1.12]
	at org.springframework.boot.web.servlet.context.ServletWebServerApplicationContext.refresh(ServletWebServerApplicationContext.java:146) ~[spring-boot-3.3.3.jar:3.3.3]
	at org.springframework.boot.SpringApplication.refresh(SpringApplication.java:754) ~[spring-boot-3.3.3.jar:3.3.3]
	at org.springframework.boot.SpringApplication.refreshContext(SpringApplication.java:456) ~[spring-boot-3.3.3.jar:3.3.3]
	at org.springframework.boot.SpringApplication.run(SpringApplication.java:335) ~[spring-boot-3.3.3.jar:3.3.3]
	at org.springframework.boot.SpringApplication.run(SpringApplication.java:1363) ~[spring-boot-3.3.3.jar:3.3.3]
	at org.springframework.boot.SpringApplication.run(SpringApplication.java:1352) ~[spring-boot-3.3.3.jar:3.3.3]
	at com.revature.SpringDataJpaApplication.main(SpringDataJpaApplication.java:10) ~[classes/:na]
	at java.base/jdk.internal.reflect.DirectMethodHandleAccessor.invoke(DirectMethodHandleAccessor.java:103) ~[na:na]
	at java.base/java.lang.reflect.Method.invoke(Method.java:580) ~[na:na]
	at org.springframework.boot.devtools.restart.RestartLauncher.run(RestartLauncher.java:50) ~[spring-boot-devtools-3.3.3.jar:3.3.3]
Caused by: org.springframework.beans.BeanInstantiationException: Failed to instantiate [com.revature.aspect.LoggingAspect]: Constructor threw exception
	at org.springframework.beans.BeanUtils.instantiateClass(BeanUtils.java:221) ~[spring-beans-6.1.12.jar:6.1.12]
	at org.springframework.beans.factory.support.SimpleInstantiationStrategy.instantiate(SimpleInstantiationStrategy.java:94) ~[spring-beans-6.1.12.jar:6.1.12]
	at org.springframework.beans.factory.support.AbstractAutowireCapableBeanFactory.instantiateBean(AbstractAutowireCapableBeanFactory.java:1331) ~[spring-beans-6.1.12.jar:6.1.12]
	... 20 common frames omitted
Caused by: java.lang.Error: Unresolved compilation problems: 
	Syntax error on token "void", delete this token
	Void methods cannot return a value

	at com.revature.aspect.LoggingAspect.<init>(LoggingAspect.java:30) ~[classes/:na]
	at java.base/jdk.internal.reflect.DirectConstructorHandleAccessor.newInstance(DirectConstructorHandleAccessor.java:62) ~[na:na]
	at java.base/java.lang.reflect.Constructor.newInstanceWithCaller(Constructor.java:502) ~[na:na]
	at java.base/java.lang.reflect.Constructor.newInstance(Constructor.java:486) ~[na:na]
	at org.springframework.beans.BeanUtils.instantiateClass(BeanUtils.java:195) ~[spring-beans-6.1.12.jar:6.1.12]
	... 22 common frames omitted

2024-09-11T22:42:24.025+05:30  INFO 7240 --- [SpringDataJPA] [restartedMain] com.revature.SpringDataJpaApplication    : Starting SpringDataJpaApplication using Java 21.0.3 with PID 7240 (C:\2024Training\TRNG-00001988\091124\SpringDataJPA\target\classes started by JasdhirSingh in C:\2024Training\TRNG-00001988\091124\SpringDataJPA)
2024-09-11T22:42:24.031+05:30  INFO 7240 --- [SpringDataJPA] [restartedMain] com.revature.SpringDataJpaApplication    : No active profile set, falling back to 1 default profile: "default"
2024-09-11T22:42:24.255+05:30  INFO 7240 --- [SpringDataJPA] [restartedMain] .s.d.r.c.RepositoryConfigurationDelegate : Bootstrapping Spring Data JPA repositories in DEFAULT mode.
2024-09-11T22:42:24.264+05:30  INFO 7240 --- [SpringDataJPA] [restartedMain] .s.d.r.c.RepositoryConfigurationDelegate : Finished Spring Data repository scanning in 9 ms. Found 1 JPA repository interface.
2024-09-11T22:42:24.330+05:30  INFO 7240 --- [SpringDataJPA] [restartedMain] o.s.b.w.embedded.tomcat.TomcatWebServer  : Tomcat initialized with port 8081 (http)
2024-09-11T22:42:24.330+05:30  INFO 7240 --- [SpringDataJPA] [restartedMain] o.apache.catalina.core.StandardService   : Starting service [Tomcat]
2024-09-11T22:42:24.331+05:30  INFO 7240 --- [SpringDataJPA] [restartedMain] o.apache.catalina.core.StandardEngine    : Starting Servlet engine: [Apache Tomcat/10.1.28]
2024-09-11T22:42:24.359+05:30  INFO 7240 --- [SpringDataJPA] [restartedMain] o.a.c.c.C.[Tomcat-2].[localhost].[/]     : Initializing Spring embedded WebApplicationContext
2024-09-11T22:42:24.359+05:30  INFO 7240 --- [SpringDataJPA] [restartedMain] w.s.c.ServletWebServerApplicationContext : Root WebApplicationContext: initialization completed in 326 ms
2024-09-11T22:42:24.389+05:30  INFO 7240 --- [SpringDataJPA] [restartedMain] o.hibernate.jpa.internal.util.LogHelper  : HHH000204: Processing PersistenceUnitInfo [name: default]
2024-09-11T22:42:24.391+05:30  INFO 7240 --- [SpringDataJPA] [restartedMain] o.h.c.internal.RegionFactoryInitiator    : HHH000026: Second-level cache disabled
2024-09-11T22:42:24.398+05:30  INFO 7240 --- [SpringDataJPA] [restartedMain] o.s.o.j.p.SpringPersistenceUnitInfo      : No LoadTimeWeaver setup: ignoring JPA class transformer
2024-09-11T22:42:24.399+05:30  INFO 7240 --- [SpringDataJPA] [restartedMain] com.zaxxer.hikari.HikariDataSource       : HikariPool-21 - Starting...
2024-09-11T22:42:24.409+05:30  INFO 7240 --- [SpringDataJPA] [restartedMain] com.zaxxer.hikari.pool.HikariPool        : HikariPool-21 - Added connection com.mysql.cj.jdbc.ConnectionImpl@2fcfbdbf
2024-09-11T22:42:24.409+05:30  INFO 7240 --- [SpringDataJPA] [restartedMain] com.zaxxer.hikari.HikariDataSource       : HikariPool-21 - Start completed.
2024-09-11T22:42:24.433+05:30  INFO 7240 --- [SpringDataJPA] [restartedMain] o.h.e.t.j.p.i.JtaPlatformInitiator       : HHH000489: No JTA platform available (set 'hibernate.transaction.jta.platform' to enable JTA platform integration)
2024-09-11T22:42:24.439+05:30  INFO 7240 --- [SpringDataJPA] [restartedMain] j.LocalContainerEntityManagerFactoryBean : Initialized JPA EntityManagerFactory for persistence unit 'default'
2024-09-11T22:42:24.498+05:30  WARN 7240 --- [SpringDataJPA] [restartedMain] JpaBaseConfiguration$JpaWebConfiguration : spring.jpa.open-in-view is enabled by default. Therefore, database queries may be performed during view rendering. Explicitly configure spring.jpa.open-in-view to disable this warning
2024-09-11T22:42:24.613+05:30  INFO 7240 --- [SpringDataJPA] [restartedMain] o.s.b.d.a.OptionalLiveReloadServer       : LiveReload server is running on port 35729
2024-09-11T22:42:24.625+05:30  INFO 7240 --- [SpringDataJPA] [restartedMain] o.s.b.w.embedded.tomcat.TomcatWebServer  : Tomcat started on port 8081 (http) with context path '/'
2024-09-11T22:42:24.629+05:30  INFO 7240 --- [SpringDataJPA] [restartedMain] com.revature.SpringDataJpaApplication    : Started SpringDataJpaApplication in 0.626 seconds (process running for 4476.692)
2024-09-11T22:42:24.631+05:30  INFO 7240 --- [SpringDataJPA] [restartedMain] .ConditionEvaluationDeltaLoggingListener : Condition evaluation unchanged
2024-09-11T22:42:30.514+05:30  INFO 7240 --- [SpringDataJPA] [http-nio-8081-exec-1] o.a.c.c.C.[Tomcat-2].[localhost].[/]     : Initializing Spring DispatcherServlet 'dispatcherServlet'
2024-09-11T22:42:30.515+05:30  INFO 7240 --- [SpringDataJPA] [http-nio-8081-exec-1] o.s.web.servlet.DispatcherServlet        : Initializing Servlet 'dispatcherServlet'
2024-09-11T22:42:30.516+05:30  INFO 7240 --- [SpringDataJPA] [http-nio-8081-exec-1] o.s.web.servlet.DispatcherServlet        : Completed initialization in 1 ms
2024-09-11T22:42:30.519+05:30  INFO 7240 --- [SpringDataJPA] [http-nio-8081-exec-1] com.revature.aspect.LoggingAspect        : Before Execution of execution(List com.revature.controllers.EmployeeController.getEmployees())
2024-09-11T22:42:30.527+05:30  INFO 7240 --- [SpringDataJPA] [http-nio-8081-exec-1] com.revature.aspect.LoggingAspect        : Before Execution of execution(List com.revature.controllers.EmployeeController.getEmployees())
2024-09-11T22:42:30.527+05:30  INFO 7240 --- [SpringDataJPA] [http-nio-8081-exec-1] com.revature.aspect.LoggingAspect        : [Employee [id=1, name=Jasdhir, salary=5000.0], Employee [id=2, name=Manjeet, salary=5100.0]]
2024-09-11T22:42:30.527+05:30  INFO 7240 --- [SpringDataJPA] [http-nio-8081-exec-1] com.revature.aspect.LoggingAspect        : Time Taken by execution(List com.revature.controllers.EmployeeController.getEmployees()) is 9
2024-09-11T22:42:33.919+05:30  INFO 7240 --- [SpringDataJPA] [http-nio-8081-exec-3] com.revature.aspect.LoggingAspect        : Before Execution of execution(Optional com.revature.controllers.EmployeeController.getEmployeeById(int))
2024-09-11T22:42:33.925+05:30  INFO 7240 --- [SpringDataJPA] [http-nio-8081-exec-3] com.revature.aspect.LoggingAspect        : Before Execution of execution(Optional com.revature.controllers.EmployeeController.getEmployeeById(int))
2024-09-11T22:42:33.925+05:30  INFO 7240 --- [SpringDataJPA] [http-nio-8081-exec-3] com.revature.aspect.LoggingAspect        : Optional[Employee [id=1, name=Jasdhir, salary=5000.0]]
2024-09-11T22:42:38.713+05:30  INFO 7240 --- [SpringDataJPA] [http-nio-8081-exec-2] com.revature.aspect.LoggingAspect        : Before Execution of execution(Optional com.revature.controllers.EmployeeController.getEmployeeById(int))
2024-09-11T22:42:38.718+05:30  INFO 7240 --- [SpringDataJPA] [http-nio-8081-exec-2] com.revature.aspect.LoggingAspect        : Before Execution of execution(Optional com.revature.controllers.EmployeeController.getEmployeeById(int))
2024-09-11T22:42:38.719+05:30  INFO 7240 --- [SpringDataJPA] [http-nio-8081-exec-2] com.revature.aspect.LoggingAspect        : Optional.empty
2024-09-11T22:43:32.242+05:30  INFO 7240 --- [SpringDataJPA] [File Watcher] rtingClassPathChangeChangedEventListener : Restarting due to 1 class path change (0 additions, 0 deletions, 1 modification)
2024-09-11T22:43:32.260+05:30  INFO 7240 --- [SpringDataJPA] [Thread-78] j.LocalContainerEntityManagerFactoryBean : Closing JPA EntityManagerFactory for persistence unit 'default'
2024-09-11T22:43:32.261+05:30  INFO 7240 --- [SpringDataJPA] [Thread-78] com.zaxxer.hikari.HikariDataSource       : HikariPool-21 - Shutdown initiated...
2024-09-11T22:43:32.264+05:30  INFO 7240 --- [SpringDataJPA] [Thread-78] com.zaxxer.hikari.HikariDataSource       : HikariPool-21 - Shutdown completed.
2024-09-11T22:43:32.354+05:30  INFO 7240 --- [SpringDataJPA] [restartedMain] com.revature.SpringDataJpaApplication    : Starting SpringDataJpaApplication using Java 21.0.3 with PID 7240 (C:\2024Training\TRNG-00001988\091124\SpringDataJPA\target\classes started by JasdhirSingh in C:\2024Training\TRNG-00001988\091124\SpringDataJPA)
2024-09-11T22:43:32.359+05:30  INFO 7240 --- [SpringDataJPA] [restartedMain] com.revature.SpringDataJpaApplication    : No active profile set, falling back to 1 default profile: "default"
2024-09-11T22:43:32.530+05:30  INFO 7240 --- [SpringDataJPA] [restartedMain] .s.d.r.c.RepositoryConfigurationDelegate : Bootstrapping Spring Data JPA repositories in DEFAULT mode.
2024-09-11T22:43:32.540+05:30  INFO 7240 --- [SpringDataJPA] [restartedMain] .s.d.r.c.RepositoryConfigurationDelegate : Finished Spring Data repository scanning in 10 ms. Found 1 JPA repository interface.
2024-09-11T22:43:32.612+05:30  INFO 7240 --- [SpringDataJPA] [restartedMain] o.s.b.w.embedded.tomcat.TomcatWebServer  : Tomcat initialized with port 8081 (http)
2024-09-11T22:43:32.613+05:30  INFO 7240 --- [SpringDataJPA] [restartedMain] o.apache.catalina.core.StandardService   : Starting service [Tomcat]
2024-09-11T22:43:32.613+05:30  INFO 7240 --- [SpringDataJPA] [restartedMain] o.apache.catalina.core.StandardEngine    : Starting Servlet engine: [Apache Tomcat/10.1.28]
2024-09-11T22:43:32.643+05:30  INFO 7240 --- [SpringDataJPA] [restartedMain] o.a.c.c.C.[Tomcat-2].[localhost].[/]     : Initializing Spring embedded WebApplicationContext
2024-09-11T22:43:32.643+05:30  INFO 7240 --- [SpringDataJPA] [restartedMain] w.s.c.ServletWebServerApplicationContext : Root WebApplicationContext: initialization completed in 283 ms
2024-09-11T22:43:32.674+05:30  INFO 7240 --- [SpringDataJPA] [restartedMain] o.hibernate.jpa.internal.util.LogHelper  : HHH000204: Processing PersistenceUnitInfo [name: default]
2024-09-11T22:43:32.677+05:30  INFO 7240 --- [SpringDataJPA] [restartedMain] o.h.c.internal.RegionFactoryInitiator    : HHH000026: Second-level cache disabled
2024-09-11T22:43:32.688+05:30  INFO 7240 --- [SpringDataJPA] [restartedMain] o.s.o.j.p.SpringPersistenceUnitInfo      : No LoadTimeWeaver setup: ignoring JPA class transformer
2024-09-11T22:43:32.689+05:30  INFO 7240 --- [SpringDataJPA] [restartedMain] com.zaxxer.hikari.HikariDataSource       : HikariPool-22 - Starting...
2024-09-11T22:43:32.707+05:30  INFO 7240 --- [SpringDataJPA] [restartedMain] com.zaxxer.hikari.pool.HikariPool        : HikariPool-22 - Added connection com.mysql.cj.jdbc.ConnectionImpl@240e2f64
2024-09-11T22:43:32.707+05:30  INFO 7240 --- [SpringDataJPA] [restartedMain] com.zaxxer.hikari.HikariDataSource       : HikariPool-22 - Start completed.
2024-09-11T22:43:32.745+05:30  INFO 7240 --- [SpringDataJPA] [restartedMain] o.h.e.t.j.p.i.JtaPlatformInitiator       : HHH000489: No JTA platform available (set 'hibernate.transaction.jta.platform' to enable JTA platform integration)
2024-09-11T22:43:32.752+05:30  INFO 7240 --- [SpringDataJPA] [restartedMain] j.LocalContainerEntityManagerFactoryBean : Initialized JPA EntityManagerFactory for persistence unit 'default'
2024-09-11T22:43:32.799+05:30  WARN 7240 --- [SpringDataJPA] [restartedMain] JpaBaseConfiguration$JpaWebConfiguration : spring.jpa.open-in-view is enabled by default. Therefore, database queries may be performed during view rendering. Explicitly configure spring.jpa.open-in-view to disable this warning
2024-09-11T22:43:32.883+05:30  INFO 7240 --- [SpringDataJPA] [restartedMain] o.s.b.d.a.OptionalLiveReloadServer       : LiveReload server is running on port 35729
2024-09-11T22:43:32.893+05:30  INFO 7240 --- [SpringDataJPA] [restartedMain] o.s.b.w.embedded.tomcat.TomcatWebServer  : Tomcat started on port 8081 (http) with context path '/'
2024-09-11T22:43:32.896+05:30  INFO 7240 --- [SpringDataJPA] [restartedMain] com.revature.SpringDataJpaApplication    : Started SpringDataJpaApplication in 0.572 seconds (process running for 4544.959)
2024-09-11T22:43:32.896+05:30  INFO 7240 --- [SpringDataJPA] [restartedMain] .ConditionEvaluationDeltaLoggingListener : Condition evaluation unchanged
2024-09-11T22:43:44.638+05:30  INFO 7240 --- [SpringDataJPA] [http-nio-8081-exec-1] o.a.c.c.C.[Tomcat-2].[localhost].[/]     : Initializing Spring DispatcherServlet 'dispatcherServlet'
2024-09-11T22:43:44.638+05:30  INFO 7240 --- [SpringDataJPA] [http-nio-8081-exec-1] o.s.web.servlet.DispatcherServlet        : Initializing Servlet 'dispatcherServlet'
2024-09-11T22:43:44.639+05:30  INFO 7240 --- [SpringDataJPA] [http-nio-8081-exec-1] o.s.web.servlet.DispatcherServlet        : Completed initialization in 1 ms
2024-09-11T22:43:44.643+05:30  INFO 7240 --- [SpringDataJPA] [http-nio-8081-exec-1] com.revature.aspect.LoggingAspect        : Before Execution of execution(Optional com.revature.controllers.EmployeeController.getEmployeeById(int))
2024-09-11T22:43:44.649+05:30  INFO 7240 --- [SpringDataJPA] [http-nio-8081-exec-1] com.revature.aspect.LoggingAspect        : Before Execution of execution(Optional com.revature.controllers.EmployeeController.getEmployeeById(int))
2024-09-11T22:43:44.650+05:30  INFO 7240 --- [SpringDataJPA] [http-nio-8081-exec-1] com.revature.aspect.LoggingAspect        : Optional[Employee [id=1, name=Jasdhir, salary=5000.0]]
2024-09-11T22:43:44.650+05:30  INFO 7240 --- [SpringDataJPA] [http-nio-8081-exec-1] com.revature.aspect.LoggingAspect        : Time Taken by execution(Optional com.revature.controllers.EmployeeController.getEmployeeById(int)) is 8
2024-09-11T22:43:57.311+05:30  INFO 7240 --- [SpringDataJPA] [http-nio-8081-exec-2] com.revature.aspect.LoggingAspect        : Before Execution of execution(List com.revature.controllers.EmployeeController.getEmployees())
2024-09-11T22:43:57.318+05:30  INFO 7240 --- [SpringDataJPA] [http-nio-8081-exec-2] com.revature.aspect.LoggingAspect        : Before Execution of execution(List com.revature.controllers.EmployeeController.getEmployees())
2024-09-11T22:43:57.318+05:30  INFO 7240 --- [SpringDataJPA] [http-nio-8081-exec-2] com.revature.aspect.LoggingAspect        : [Employee [id=1, name=Jasdhir, salary=5000.0], Employee [id=2, name=Manjeet, salary=5100.0]]
2024-09-11T22:43:57.319+05:30  INFO 7240 --- [SpringDataJPA] [http-nio-8081-exec-2] com.revature.aspect.LoggingAspect        : Time Taken by execution(List com.revature.controllers.EmployeeController.getEmployees()) is 7
2024-09-11T22:44:07.747+05:30  INFO 7240 --- [SpringDataJPA] [http-nio-8081-exec-3] com.revature.aspect.LoggingAspect        : Before Execution of execution(Optional com.revature.controllers.EmployeeController.getEmployeeById(int))
2024-09-11T22:44:07.754+05:30  INFO 7240 --- [SpringDataJPA] [http-nio-8081-exec-3] com.revature.aspect.LoggingAspect        : Before Execution of execution(Optional com.revature.controllers.EmployeeController.getEmployeeById(int))
2024-09-11T22:44:07.754+05:30  INFO 7240 --- [SpringDataJPA] [http-nio-8081-exec-3] com.revature.aspect.LoggingAspect        : Optional[Employee [id=2, name=Manjeet, salary=5100.0]]
2024-09-11T22:44:07.754+05:30  INFO 7240 --- [SpringDataJPA] [http-nio-8081-exec-3] com.revature.aspect.LoggingAspect        : Time Taken by execution(Optional com.revature.controllers.EmployeeController.getEmployeeById(int)) is 7
2024-09-11T22:44:08.295+05:30  INFO 7240 --- [SpringDataJPA] [http-nio-8081-exec-4] com.revature.aspect.LoggingAspect        : Before Execution of execution(Optional com.revature.controllers.EmployeeController.getEmployeeById(int))
2024-09-11T22:44:08.299+05:30  INFO 7240 --- [SpringDataJPA] [http-nio-8081-exec-4] com.revature.aspect.LoggingAspect        : Before Execution of execution(Optional com.revature.controllers.EmployeeController.getEmployeeById(int))
2024-09-11T22:44:08.299+05:30  INFO 7240 --- [SpringDataJPA] [http-nio-8081-exec-4] com.revature.aspect.LoggingAspect        : Optional.empty
2024-09-11T22:44:08.299+05:30  INFO 7240 --- [SpringDataJPA] [http-nio-8081-exec-4] com.revature.aspect.LoggingAspect        : Time Taken by execution(Optional com.revature.controllers.EmployeeController.getEmployeeById(int)) is 4
2024-09-11T22:44:38.167+05:30  INFO 7240 --- [SpringDataJPA] [RMI TCP Connection(81)-127.0.0.1] inMXBeanRegistrar$SpringApplicationAdmin : Application shutdown requested.
2024-09-11T22:44:38.185+05:30  INFO 7240 --- [SpringDataJPA] [RMI TCP Connection(81)-127.0.0.1] j.LocalContainerEntityManagerFactoryBean : Closing JPA EntityManagerFactory for persistence unit 'default'
2024-09-11T22:44:38.185+05:30  INFO 7240 --- [SpringDataJPA] [RMI TCP Connection(81)-127.0.0.1] com.zaxxer.hikari.HikariDataSource       : HikariPool-22 - Shutdown initiated...
2024-09-11T22:44:38.188+05:30  INFO 7240 --- [SpringDataJPA] [RMI TCP Connection(81)-127.0.0.1] com.zaxxer.hikari.HikariDataSource       : HikariPool-22 - Shutdown completed.
