2024-09-12T14:36:20.832+05:30  INFO 20396 --- [SpringJPADemo] [File Watcher] rtingClassPathChangeChangedEventListener : Restarting due to 1 class path change (0 additions, 0 deletions, 1 modification)
2024-09-12T14:36:20.843+05:30  INFO 20396 --- [SpringJPADemo] [Thread-66] j.LocalContainerEntityManagerFactoryBean : Closing JPA EntityManagerFactory for persistence unit 'default'
2024-09-12T14:36:20.845+05:30  INFO 20396 --- [SpringJPADemo] [Thread-66] com.zaxxer.hikari.HikariDataSource       : HikariPool-17 - Shutdown initiated...
2024-09-12T14:36:20.848+05:30  INFO 20396 --- [SpringJPADemo] [Thread-66] com.zaxxer.hikari.HikariDataSource       : HikariPool-17 - Shutdown completed.
2024-09-12T14:36:20.947+05:30  INFO 20396 --- [SpringJPADemo] [restartedMain] com.revature.SpringJpaDemoApplication    : Starting SpringJpaDemoApplication using Java 21.0.3 with PID 20396 (C:\2024Training\TRNG-00001988\091224\SpringJPADemo\target\classes started by JasdhirSingh in C:\2024Training\TRNG-00001988\091224\SpringJPADemo)
2024-09-12T14:36:20.960+05:30  INFO 20396 --- [SpringJPADemo] [restartedMain] com.revature.SpringJpaDemoApplication    : No active profile set, falling back to 1 default profile: "default"
2024-09-12T14:36:21.273+05:30  INFO 20396 --- [SpringJPADemo] [restartedMain] .s.d.r.c.RepositoryConfigurationDelegate : Bootstrapping Spring Data JPA repositories in DEFAULT mode.
2024-09-12T14:36:21.294+05:30  INFO 20396 --- [SpringJPADemo] [restartedMain] .s.d.r.c.RepositoryConfigurationDelegate : Finished Spring Data repository scanning in 19 ms. Found 1 JPA repository interface.
2024-09-12T14:36:21.571+05:30  INFO 20396 --- [SpringJPADemo] [restartedMain] o.s.b.w.embedded.tomcat.TomcatWebServer  : Tomcat initialized with port 8081 (http)
2024-09-12T14:36:21.571+05:30  INFO 20396 --- [SpringJPADemo] [restartedMain] o.apache.catalina.core.StandardService   : Starting service [Tomcat]
2024-09-12T14:36:21.572+05:30  INFO 20396 --- [SpringJPADemo] [restartedMain] o.apache.catalina.core.StandardEngine    : Starting Servlet engine: [Apache Tomcat/10.1.28]
2024-09-12T14:36:21.623+05:30  INFO 20396 --- [SpringJPADemo] [restartedMain] o.a.c.c.C.[Tomcat-1].[localhost].[/]     : Initializing Spring embedded WebApplicationContext
2024-09-12T14:36:21.623+05:30  INFO 20396 --- [SpringJPADemo] [restartedMain] w.s.c.ServletWebServerApplicationContext : Root WebApplicationContext: initialization completed in 661 ms
2024-09-12T14:36:21.737+05:30  INFO 20396 --- [SpringJPADemo] [restartedMain] o.hibernate.jpa.internal.util.LogHelper  : HHH000204: Processing PersistenceUnitInfo [name: default]
2024-09-12T14:36:21.740+05:30  INFO 20396 --- [SpringJPADemo] [restartedMain] o.h.c.internal.RegionFactoryInitiator    : HHH000026: Second-level cache disabled
2024-09-12T14:36:21.747+05:30  INFO 20396 --- [SpringJPADemo] [restartedMain] o.s.o.j.p.SpringPersistenceUnitInfo      : No LoadTimeWeaver setup: ignoring JPA class transformer
2024-09-12T14:36:21.747+05:30  INFO 20396 --- [SpringJPADemo] [restartedMain] com.zaxxer.hikari.HikariDataSource       : HikariPool-18 - Starting...
2024-09-12T14:36:21.757+05:30  INFO 20396 --- [SpringJPADemo] [restartedMain] com.zaxxer.hikari.pool.HikariPool        : HikariPool-18 - Added connection com.mysql.cj.jdbc.ConnectionImpl@376c3528
2024-09-12T14:36:21.758+05:30  INFO 20396 --- [SpringJPADemo] [restartedMain] com.zaxxer.hikari.HikariDataSource       : HikariPool-18 - Start completed.
2024-09-12T14:36:21.801+05:30  INFO 20396 --- [SpringJPADemo] [restartedMain] o.h.e.t.j.p.i.JtaPlatformInitiator       : HHH000489: No JTA platform available (set 'hibernate.transaction.jta.platform' to enable JTA platform integration)
2024-09-12T14:36:21.830+05:30  INFO 20396 --- [SpringJPADemo] [restartedMain] j.LocalContainerEntityManagerFactoryBean : Initialized JPA EntityManagerFactory for persistence unit 'default'
2024-09-12T14:36:21.998+05:30  WARN 20396 --- [SpringJPADemo] [restartedMain] JpaBaseConfiguration$JpaWebConfiguration : spring.jpa.open-in-view is enabled by default. Therefore, database queries may be performed during view rendering. Explicitly configure spring.jpa.open-in-view to disable this warning
2024-09-12T14:36:22.494+05:30  INFO 20396 --- [SpringJPADemo] [restartedMain] o.s.b.d.a.OptionalLiveReloadServer       : LiveReload server is running on port 35729
2024-09-12T14:36:22.501+05:30  INFO 20396 --- [SpringJPADemo] [restartedMain] o.s.b.a.e.web.EndpointLinksResolver      : Exposing 15 endpoints beneath base path '/actuator'
2024-09-12T14:36:22.532+05:30  INFO 20396 --- [SpringJPADemo] [restartedMain] o.s.b.w.embedded.tomcat.TomcatWebServer  : Tomcat started on port 8081 (http) with context path '/'
2024-09-12T14:36:22.536+05:30  INFO 20396 --- [SpringJPADemo] [restartedMain] com.revature.SpringJpaDemoApplication    : Started SpringJpaDemoApplication in 1.618 seconds (process running for 1585.838)
2024-09-12T14:36:22.538+05:30  INFO 20396 --- [SpringJPADemo] [restartedMain] .ConditionEvaluationDeltaLoggingListener : Condition evaluation unchanged
2024-09-12T14:36:39.039+05:30  INFO 20396 --- [SpringJPADemo] [File Watcher] rtingClassPathChangeChangedEventListener : Restarting due to 1 class path change (0 additions, 0 deletions, 1 modification)
2024-09-12T14:36:39.046+05:30  INFO 20396 --- [SpringJPADemo] [Thread-70] j.LocalContainerEntityManagerFactoryBean : Closing JPA EntityManagerFactory for persistence unit 'default'
2024-09-12T14:36:39.046+05:30  INFO 20396 --- [SpringJPADemo] [Thread-70] com.zaxxer.hikari.HikariDataSource       : HikariPool-18 - Shutdown initiated...
2024-09-12T14:36:39.050+05:30  INFO 20396 --- [SpringJPADemo] [Thread-70] com.zaxxer.hikari.HikariDataSource       : HikariPool-18 - Shutdown completed.
2024-09-12T14:36:39.145+05:30  INFO 20396 --- [SpringJPADemo] [restartedMain] com.revature.SpringJpaDemoApplication    : Starting SpringJpaDemoApplication using Java 21.0.3 with PID 20396 (C:\2024Training\TRNG-00001988\091224\SpringJPADemo\target\classes started by JasdhirSingh in C:\2024Training\TRNG-00001988\091224\SpringJPADemo)
2024-09-12T14:36:39.146+05:30  INFO 20396 --- [SpringJPADemo] [restartedMain] com.revature.SpringJpaDemoApplication    : No active profile set, falling back to 1 default profile: "default"
2024-09-12T14:36:39.483+05:30  INFO 20396 --- [SpringJPADemo] [restartedMain] .s.d.r.c.RepositoryConfigurationDelegate : Bootstrapping Spring Data JPA repositories in DEFAULT mode.
2024-09-12T14:36:39.494+05:30  INFO 20396 --- [SpringJPADemo] [restartedMain] .s.d.r.c.RepositoryConfigurationDelegate : Finished Spring Data repository scanning in 10 ms. Found 1 JPA repository interface.
2024-09-12T14:36:39.621+05:30  INFO 20396 --- [SpringJPADemo] [restartedMain] o.s.b.w.embedded.tomcat.TomcatWebServer  : Tomcat initialized with port 8081 (http)
2024-09-12T14:36:39.622+05:30  INFO 20396 --- [SpringJPADemo] [restartedMain] o.apache.catalina.core.StandardService   : Starting service [Tomcat]
2024-09-12T14:36:39.622+05:30  INFO 20396 --- [SpringJPADemo] [restartedMain] o.apache.catalina.core.StandardEngine    : Starting Servlet engine: [Apache Tomcat/10.1.28]
2024-09-12T14:36:39.651+05:30  INFO 20396 --- [SpringJPADemo] [restartedMain] o.a.c.c.C.[Tomcat-1].[localhost].[/]     : Initializing Spring embedded WebApplicationContext
2024-09-12T14:36:39.651+05:30  INFO 20396 --- [SpringJPADemo] [restartedMain] w.s.c.ServletWebServerApplicationContext : Root WebApplicationContext: initialization completed in 502 ms
2024-09-12T14:36:39.778+05:30  INFO 20396 --- [SpringJPADemo] [restartedMain] o.hibernate.jpa.internal.util.LogHelper  : HHH000204: Processing PersistenceUnitInfo [name: default]
2024-09-12T14:36:39.783+05:30  INFO 20396 --- [SpringJPADemo] [restartedMain] o.h.c.internal.RegionFactoryInitiator    : HHH000026: Second-level cache disabled
2024-09-12T14:36:39.790+05:30  INFO 20396 --- [SpringJPADemo] [restartedMain] o.s.o.j.p.SpringPersistenceUnitInfo      : No LoadTimeWeaver setup: ignoring JPA class transformer
2024-09-12T14:36:39.790+05:30  INFO 20396 --- [SpringJPADemo] [restartedMain] com.zaxxer.hikari.HikariDataSource       : HikariPool-19 - Starting...
2024-09-12T14:36:39.800+05:30  INFO 20396 --- [SpringJPADemo] [restartedMain] com.zaxxer.hikari.pool.HikariPool        : HikariPool-19 - Added connection com.mysql.cj.jdbc.ConnectionImpl@750bbae5
2024-09-12T14:36:39.801+05:30  INFO 20396 --- [SpringJPADemo] [restartedMain] com.zaxxer.hikari.HikariDataSource       : HikariPool-19 - Start completed.
2024-09-12T14:36:39.828+05:30  INFO 20396 --- [SpringJPADemo] [restartedMain] o.h.e.t.j.p.i.JtaPlatformInitiator       : HHH000489: No JTA platform available (set 'hibernate.transaction.jta.platform' to enable JTA platform integration)
2024-09-12T14:36:39.834+05:30  INFO 20396 --- [SpringJPADemo] [restartedMain] j.LocalContainerEntityManagerFactoryBean : Initialized JPA EntityManagerFactory for persistence unit 'default'
2024-09-12T14:36:39.978+05:30  WARN 20396 --- [SpringJPADemo] [restartedMain] JpaBaseConfiguration$JpaWebConfiguration : spring.jpa.open-in-view is enabled by default. Therefore, database queries may be performed during view rendering. Explicitly configure spring.jpa.open-in-view to disable this warning
2024-09-12T14:36:40.400+05:30  INFO 20396 --- [SpringJPADemo] [restartedMain] o.s.b.d.a.OptionalLiveReloadServer       : LiveReload server is running on port 35729
2024-09-12T14:36:40.407+05:30  INFO 20396 --- [SpringJPADemo] [restartedMain] o.s.b.a.e.web.EndpointLinksResolver      : Exposing 15 endpoints beneath base path '/actuator'
2024-09-12T14:36:40.437+05:30  INFO 20396 --- [SpringJPADemo] [restartedMain] o.s.b.w.embedded.tomcat.TomcatWebServer  : Tomcat started on port 8081 (http) with context path '/'
2024-09-12T14:36:40.441+05:30  INFO 20396 --- [SpringJPADemo] [restartedMain] com.revature.SpringJpaDemoApplication    : Started SpringJpaDemoApplication in 1.326 seconds (process running for 1603.743)
2024-09-12T14:36:40.443+05:30  INFO 20396 --- [SpringJPADemo] [restartedMain] .ConditionEvaluationDeltaLoggingListener : Condition evaluation unchanged
2024-09-12T14:36:45.017+05:30  INFO 20396 --- [SpringJPADemo] [http-nio-8081-exec-1] o.a.c.c.C.[Tomcat-1].[localhost].[/]     : Initializing Spring DispatcherServlet 'dispatcherServlet'
2024-09-12T14:36:45.017+05:30  INFO 20396 --- [SpringJPADemo] [http-nio-8081-exec-1] o.s.web.servlet.DispatcherServlet        : Initializing Servlet 'dispatcherServlet'
2024-09-12T14:36:45.018+05:30  INFO 20396 --- [SpringJPADemo] [http-nio-8081-exec-1] o.s.web.servlet.DispatcherServlet        : Completed initialization in 1 ms
2024-09-12T14:36:45.023+05:30  INFO 20396 --- [SpringJPADemo] [http-nio-8081-exec-1] com.revature.aspect.LoggingAspect        :  Adivce for execution(ResponseEntity com.revature.controllers.EmployeeController.getEmployeeById(int))
2024-09-12T14:36:45.035+05:30  INFO 20396 --- [SpringJPADemo] [http-nio-8081-exec-1] com.revature.aspect.LoggingAspect        : After Throwing ....
2024-09-12T14:36:45.035+05:30  INFO 20396 --- [SpringJPADemo] [http-nio-8081-exec-1] com.revature.aspect.LoggingAspect        : com.revature.exceptions.ResourceNotFoundException: Employee does not exists with Id :: 4
2024-09-12T14:36:45.035+05:30  INFO 20396 --- [SpringJPADemo] [http-nio-8081-exec-1] com.revature.aspect.LoggingAspect        : After Adivce for execution(ResponseEntity com.revature.controllers.EmployeeController.getEmployeeById(int))
2024-09-12T14:36:45.038+05:30  WARN 20396 --- [SpringJPADemo] [http-nio-8081-exec-1] .m.m.a.ExceptionHandlerExceptionResolver : Resolved [com.revature.exceptions.ResourceNotFoundException: Employee does not exists with Id :: 4]
2024-09-12T14:38:41.928+05:30  INFO 20396 --- [SpringJPADemo] [File Watcher] rtingClassPathChangeChangedEventListener : Restarting due to 1 class path change (0 additions, 0 deletions, 1 modification)
2024-09-12T14:38:41.941+05:30  INFO 20396 --- [SpringJPADemo] [Thread-74] j.LocalContainerEntityManagerFactoryBean : Closing JPA EntityManagerFactory for persistence unit 'default'
2024-09-12T14:38:41.943+05:30  INFO 20396 --- [SpringJPADemo] [Thread-74] com.zaxxer.hikari.HikariDataSource       : HikariPool-19 - Shutdown initiated...
2024-09-12T14:38:41.946+05:30  INFO 20396 --- [SpringJPADemo] [Thread-74] com.zaxxer.hikari.HikariDataSource       : HikariPool-19 - Shutdown completed.
2024-09-12T14:38:42.058+05:30  INFO 20396 --- [SpringJPADemo] [restartedMain] com.revature.SpringJpaDemoApplication    : Starting SpringJpaDemoApplication using Java 21.0.3 with PID 20396 (C:\2024Training\TRNG-00001988\091224\SpringJPADemo\target\classes started by JasdhirSingh in C:\2024Training\TRNG-00001988\091224\SpringJPADemo)
2024-09-12T14:38:42.064+05:30  INFO 20396 --- [SpringJPADemo] [restartedMain] com.revature.SpringJpaDemoApplication    : No active profile set, falling back to 1 default profile: "default"
2024-09-12T14:38:42.405+05:30  INFO 20396 --- [SpringJPADemo] [restartedMain] .s.d.r.c.RepositoryConfigurationDelegate : Bootstrapping Spring Data JPA repositories in DEFAULT mode.
2024-09-12T14:38:42.414+05:30  INFO 20396 --- [SpringJPADemo] [restartedMain] .s.d.r.c.RepositoryConfigurationDelegate : Finished Spring Data repository scanning in 8 ms. Found 1 JPA repository interface.
2024-09-12T14:38:42.546+05:30  INFO 20396 --- [SpringJPADemo] [restartedMain] o.s.b.w.embedded.tomcat.TomcatWebServer  : Tomcat initialized with port 8081 (http)
2024-09-12T14:38:42.547+05:30  INFO 20396 --- [SpringJPADemo] [restartedMain] o.apache.catalina.core.StandardService   : Starting service [Tomcat]
2024-09-12T14:38:42.547+05:30  INFO 20396 --- [SpringJPADemo] [restartedMain] o.apache.catalina.core.StandardEngine    : Starting Servlet engine: [Apache Tomcat/10.1.28]
2024-09-12T14:38:42.575+05:30  INFO 20396 --- [SpringJPADemo] [restartedMain] o.a.c.c.C.[Tomcat-1].[localhost].[/]     : Initializing Spring embedded WebApplicationContext
2024-09-12T14:38:42.575+05:30  INFO 20396 --- [SpringJPADemo] [restartedMain] w.s.c.ServletWebServerApplicationContext : Root WebApplicationContext: initialization completed in 509 ms
2024-09-12T14:38:42.696+05:30  INFO 20396 --- [SpringJPADemo] [restartedMain] o.hibernate.jpa.internal.util.LogHelper  : HHH000204: Processing PersistenceUnitInfo [name: default]
2024-09-12T14:38:42.699+05:30  INFO 20396 --- [SpringJPADemo] [restartedMain] o.h.c.internal.RegionFactoryInitiator    : HHH000026: Second-level cache disabled
2024-09-12T14:38:42.706+05:30  INFO 20396 --- [SpringJPADemo] [restartedMain] o.s.o.j.p.SpringPersistenceUnitInfo      : No LoadTimeWeaver setup: ignoring JPA class transformer
2024-09-12T14:38:42.707+05:30  INFO 20396 --- [SpringJPADemo] [restartedMain] com.zaxxer.hikari.HikariDataSource       : HikariPool-20 - Starting...
2024-09-12T14:38:42.717+05:30  INFO 20396 --- [SpringJPADemo] [restartedMain] com.zaxxer.hikari.pool.HikariPool        : HikariPool-20 - Added connection com.mysql.cj.jdbc.ConnectionImpl@fc35c6f
2024-09-12T14:38:42.717+05:30  INFO 20396 --- [SpringJPADemo] [restartedMain] com.zaxxer.hikari.HikariDataSource       : HikariPool-20 - Start completed.
2024-09-12T14:38:42.752+05:30  INFO 20396 --- [SpringJPADemo] [restartedMain] o.h.e.t.j.p.i.JtaPlatformInitiator       : HHH000489: No JTA platform available (set 'hibernate.transaction.jta.platform' to enable JTA platform integration)
2024-09-12T14:38:42.763+05:30  INFO 20396 --- [SpringJPADemo] [restartedMain] j.LocalContainerEntityManagerFactoryBean : Initialized JPA EntityManagerFactory for persistence unit 'default'
2024-09-12T14:38:42.920+05:30  WARN 20396 --- [SpringJPADemo] [restartedMain] JpaBaseConfiguration$JpaWebConfiguration : spring.jpa.open-in-view is enabled by default. Therefore, database queries may be performed during view rendering. Explicitly configure spring.jpa.open-in-view to disable this warning
2024-09-12T14:38:43.348+05:30  INFO 20396 --- [SpringJPADemo] [restartedMain] o.s.b.d.a.OptionalLiveReloadServer       : LiveReload server is running on port 35729
2024-09-12T14:38:43.355+05:30  INFO 20396 --- [SpringJPADemo] [restartedMain] o.s.b.a.e.web.EndpointLinksResolver      : Exposing 15 endpoints beneath base path '/actuator'
2024-09-12T14:38:43.384+05:30  INFO 20396 --- [SpringJPADemo] [restartedMain] o.s.b.w.embedded.tomcat.TomcatWebServer  : Tomcat started on port 8081 (http) with context path '/'
2024-09-12T14:38:43.388+05:30  INFO 20396 --- [SpringJPADemo] [restartedMain] com.revature.SpringJpaDemoApplication    : Started SpringJpaDemoApplication in 1.365 seconds (process running for 1726.69)
2024-09-12T14:38:43.390+05:30  INFO 20396 --- [SpringJPADemo] [restartedMain] .ConditionEvaluationDeltaLoggingListener : Condition evaluation unchanged
2024-09-12T14:40:15.641+05:30  INFO 20396 --- [SpringJPADemo] [File Watcher] rtingClassPathChangeChangedEventListener : Restarting due to 1 class path change (0 additions, 0 deletions, 1 modification)
2024-09-12T14:40:15.657+05:30  INFO 20396 --- [SpringJPADemo] [Thread-78] j.LocalContainerEntityManagerFactoryBean : Closing JPA EntityManagerFactory for persistence unit 'default'
2024-09-12T14:40:15.658+05:30  INFO 20396 --- [SpringJPADemo] [Thread-78] com.zaxxer.hikari.HikariDataSource       : HikariPool-20 - Shutdown initiated...
2024-09-12T14:40:15.662+05:30  INFO 20396 --- [SpringJPADemo] [Thread-78] com.zaxxer.hikari.HikariDataSource       : HikariPool-20 - Shutdown completed.
2024-09-12T14:40:15.757+05:30  INFO 20396 --- [SpringJPADemo] [restartedMain] com.revature.SpringJpaDemoApplication    : Starting SpringJpaDemoApplication using Java 21.0.3 with PID 20396 (C:\2024Training\TRNG-00001988\091224\SpringJPADemo\target\classes started by JasdhirSingh in C:\2024Training\TRNG-00001988\091224\SpringJPADemo)
2024-09-12T14:40:15.761+05:30  INFO 20396 --- [SpringJPADemo] [restartedMain] com.revature.SpringJpaDemoApplication    : No active profile set, falling back to 1 default profile: "default"
2024-09-12T14:40:16.063+05:30  INFO 20396 --- [SpringJPADemo] [restartedMain] .s.d.r.c.RepositoryConfigurationDelegate : Bootstrapping Spring Data JPA repositories in DEFAULT mode.
2024-09-12T14:40:16.075+05:30  INFO 20396 --- [SpringJPADemo] [restartedMain] .s.d.r.c.RepositoryConfigurationDelegate : Finished Spring Data repository scanning in 10 ms. Found 1 JPA repository interface.
2024-09-12T14:40:16.205+05:30  INFO 20396 --- [SpringJPADemo] [restartedMain] o.s.b.w.embedded.tomcat.TomcatWebServer  : Tomcat initialized with port 8081 (http)
2024-09-12T14:40:16.206+05:30  INFO 20396 --- [SpringJPADemo] [restartedMain] o.apache.catalina.core.StandardService   : Starting service [Tomcat]
2024-09-12T14:40:16.206+05:30  INFO 20396 --- [SpringJPADemo] [restartedMain] o.apache.catalina.core.StandardEngine    : Starting Servlet engine: [Apache Tomcat/10.1.28]
2024-09-12T14:40:16.235+05:30  INFO 20396 --- [SpringJPADemo] [restartedMain] o.a.c.c.C.[Tomcat-1].[localhost].[/]     : Initializing Spring embedded WebApplicationContext
2024-09-12T14:40:16.235+05:30  INFO 20396 --- [SpringJPADemo] [restartedMain] w.s.c.ServletWebServerApplicationContext : Root WebApplicationContext: initialization completed in 471 ms
2024-09-12T14:40:16.349+05:30  INFO 20396 --- [SpringJPADemo] [restartedMain] o.hibernate.jpa.internal.util.LogHelper  : HHH000204: Processing PersistenceUnitInfo [name: default]
2024-09-12T14:40:16.352+05:30  INFO 20396 --- [SpringJPADemo] [restartedMain] o.h.c.internal.RegionFactoryInitiator    : HHH000026: Second-level cache disabled
2024-09-12T14:40:16.359+05:30  INFO 20396 --- [SpringJPADemo] [restartedMain] o.s.o.j.p.SpringPersistenceUnitInfo      : No LoadTimeWeaver setup: ignoring JPA class transformer
2024-09-12T14:40:16.360+05:30  INFO 20396 --- [SpringJPADemo] [restartedMain] com.zaxxer.hikari.HikariDataSource       : HikariPool-21 - Starting...
2024-09-12T14:40:16.379+05:30  INFO 20396 --- [SpringJPADemo] [restartedMain] com.zaxxer.hikari.pool.HikariPool        : HikariPool-21 - Added connection com.mysql.cj.jdbc.ConnectionImpl@16a818a3
2024-09-12T14:40:16.380+05:30  INFO 20396 --- [SpringJPADemo] [restartedMain] com.zaxxer.hikari.HikariDataSource       : HikariPool-21 - Start completed.
2024-09-12T14:40:16.422+05:30  INFO 20396 --- [SpringJPADemo] [restartedMain] o.h.e.t.j.p.i.JtaPlatformInitiator       : HHH000489: No JTA platform available (set 'hibernate.transaction.jta.platform' to enable JTA platform integration)
2024-09-12T14:40:16.432+05:30  INFO 20396 --- [SpringJPADemo] [restartedMain] j.LocalContainerEntityManagerFactoryBean : Initialized JPA EntityManagerFactory for persistence unit 'default'
2024-09-12T14:40:16.574+05:30  WARN 20396 --- [SpringJPADemo] [restartedMain] JpaBaseConfiguration$JpaWebConfiguration : spring.jpa.open-in-view is enabled by default. Therefore, database queries may be performed during view rendering. Explicitly configure spring.jpa.open-in-view to disable this warning
2024-09-12T14:40:17.023+05:30  INFO 20396 --- [SpringJPADemo] [restartedMain] o.s.b.d.a.OptionalLiveReloadServer       : LiveReload server is running on port 35729
2024-09-12T14:40:17.029+05:30  INFO 20396 --- [SpringJPADemo] [restartedMain] o.s.b.a.e.web.EndpointLinksResolver      : Exposing 15 endpoints beneath base path '/actuator'
2024-09-12T14:40:17.061+05:30  INFO 20396 --- [SpringJPADemo] [restartedMain] o.s.b.w.embedded.tomcat.TomcatWebServer  : Tomcat started on port 8081 (http) with context path '/'
2024-09-12T14:40:17.066+05:30  INFO 20396 --- [SpringJPADemo] [restartedMain] com.revature.SpringJpaDemoApplication    : Started SpringJpaDemoApplication in 1.336 seconds (process running for 1820.368)
2024-09-12T14:40:17.068+05:30  INFO 20396 --- [SpringJPADemo] [restartedMain] .ConditionEvaluationDeltaLoggingListener : Condition evaluation unchanged
2024-09-12T14:40:19.133+05:30  INFO 20396 --- [SpringJPADemo] [RMI TCP Connection(34)-127.0.0.1] inMXBeanRegistrar$SpringApplicationAdmin : Application shutdown requested.
2024-09-12T14:40:19.140+05:30  INFO 20396 --- [SpringJPADemo] [RMI TCP Connection(34)-127.0.0.1] j.LocalContainerEntityManagerFactoryBean : Closing JPA EntityManagerFactory for persistence unit 'default'
2024-09-12T14:40:19.141+05:30  INFO 20396 --- [SpringJPADemo] [RMI TCP Connection(34)-127.0.0.1] com.zaxxer.hikari.HikariDataSource       : HikariPool-21 - Shutdown initiated...
2024-09-12T14:40:19.144+05:30  INFO 20396 --- [SpringJPADemo] [RMI TCP Connection(34)-127.0.0.1] com.zaxxer.hikari.HikariDataSource       : HikariPool-21 - Shutdown completed.
2024-09-12T14:42:47.603+05:30  INFO 16164 --- [SpringJPADemo] [restartedMain] com.revature.SpringJpaDemoApplication    : Starting SpringJpaDemoApplication using Java 21.0.3 with PID 16164 (C:\2024Training\TRNG-00001988\091224\SpringJPADemo\target\classes started by JasdhirSingh in C:\2024Training\TRNG-00001988\091224\SpringJPADemo)
2024-09-12T14:42:47.615+05:30  INFO 16164 --- [SpringJPADemo] [restartedMain] com.revature.SpringJpaDemoApplication    : No active profile set, falling back to 1 default profile: "default"
2024-09-12T14:42:47.662+05:30  INFO 16164 --- [SpringJPADemo] [restartedMain] .e.DevToolsPropertyDefaultsPostProcessor : Devtools property defaults active! Set 'spring.devtools.add-properties' to 'false' to disable
2024-09-12T14:42:47.663+05:30  INFO 16164 --- [SpringJPADemo] [restartedMain] .e.DevToolsPropertyDefaultsPostProcessor : For additional web related logging consider setting the 'logging.level.web' property to 'DEBUG'
2024-09-12T14:42:48.698+05:30  INFO 16164 --- [SpringJPADemo] [restartedMain] .s.d.r.c.RepositoryConfigurationDelegate : Bootstrapping Spring Data JPA repositories in DEFAULT mode.
2024-09-12T14:42:48.753+05:30  INFO 16164 --- [SpringJPADemo] [restartedMain] .s.d.r.c.RepositoryConfigurationDelegate : Finished Spring Data repository scanning in 47 ms. Found 1 JPA repository interface.
2024-09-12T14:42:49.486+05:30  INFO 16164 --- [SpringJPADemo] [restartedMain] o.s.b.w.embedded.tomcat.TomcatWebServer  : Tomcat initialized with port 8081 (http)
2024-09-12T14:42:49.499+05:30  INFO 16164 --- [SpringJPADemo] [restartedMain] o.apache.catalina.core.StandardService   : Starting service [Tomcat]
2024-09-12T14:42:49.499+05:30  INFO 16164 --- [SpringJPADemo] [restartedMain] o.apache.catalina.core.StandardEngine    : Starting Servlet engine: [Apache Tomcat/10.1.28]
2024-09-12T14:42:49.559+05:30  INFO 16164 --- [SpringJPADemo] [restartedMain] o.a.c.c.C.[Tomcat].[localhost].[/]       : Initializing Spring embedded WebApplicationContext
2024-09-12T14:42:49.560+05:30  INFO 16164 --- [SpringJPADemo] [restartedMain] w.s.c.ServletWebServerApplicationContext : Root WebApplicationContext: initialization completed in 1896 ms
2024-09-12T14:42:49.872+05:30  INFO 16164 --- [SpringJPADemo] [restartedMain] o.hibernate.jpa.internal.util.LogHelper  : HHH000204: Processing PersistenceUnitInfo [name: default]
2024-09-12T14:42:49.938+05:30  INFO 16164 --- [SpringJPADemo] [restartedMain] org.hibernate.Version                    : HHH000412: Hibernate ORM core version 6.5.2.Final
2024-09-12T14:42:49.971+05:30  INFO 16164 --- [SpringJPADemo] [restartedMain] o.h.c.internal.RegionFactoryInitiator    : HHH000026: Second-level cache disabled
2024-09-12T14:42:50.249+05:30  INFO 16164 --- [SpringJPADemo] [restartedMain] o.s.o.j.p.SpringPersistenceUnitInfo      : No LoadTimeWeaver setup: ignoring JPA class transformer
2024-09-12T14:42:50.281+05:30  INFO 16164 --- [SpringJPADemo] [restartedMain] com.zaxxer.hikari.HikariDataSource       : HikariPool-1 - Starting...
2024-09-12T14:42:50.576+05:30  INFO 16164 --- [SpringJPADemo] [restartedMain] com.zaxxer.hikari.pool.HikariPool        : HikariPool-1 - Added connection com.mysql.cj.jdbc.ConnectionImpl@46e358e7
2024-09-12T14:42:50.578+05:30  INFO 16164 --- [SpringJPADemo] [restartedMain] com.zaxxer.hikari.HikariDataSource       : HikariPool-1 - Start completed.
2024-09-12T14:42:51.426+05:30  INFO 16164 --- [SpringJPADemo] [restartedMain] o.h.e.t.j.p.i.JtaPlatformInitiator       : HHH000489: No JTA platform available (set 'hibernate.transaction.jta.platform' to enable JTA platform integration)
2024-09-12T14:42:51.470+05:30  INFO 16164 --- [SpringJPADemo] [restartedMain] j.LocalContainerEntityManagerFactoryBean : Initialized JPA EntityManagerFactory for persistence unit 'default'
2024-09-12T14:42:51.774+05:30  INFO 16164 --- [SpringJPADemo] [restartedMain] o.s.d.j.r.query.QueryEnhancerFactory     : Hibernate is in classpath; If applicable, HQL parser will be used.
2024-09-12T14:42:52.208+05:30  WARN 16164 --- [SpringJPADemo] [restartedMain] JpaBaseConfiguration$JpaWebConfiguration : spring.jpa.open-in-view is enabled by default. Therefore, database queries may be performed during view rendering. Explicitly configure spring.jpa.open-in-view to disable this warning
2024-09-12T14:42:53.081+05:30  INFO 16164 --- [SpringJPADemo] [restartedMain] o.s.b.d.a.OptionalLiveReloadServer       : LiveReload server is running on port 35729
2024-09-12T14:42:53.094+05:30  INFO 16164 --- [SpringJPADemo] [restartedMain] o.s.b.a.e.web.EndpointLinksResolver      : Exposing 15 endpoints beneath base path '/actuator'
2024-09-12T14:42:53.207+05:30  INFO 16164 --- [SpringJPADemo] [restartedMain] o.s.b.w.embedded.tomcat.TomcatWebServer  : Tomcat started on port 8081 (http) with context path '/'
2024-09-12T14:42:53.222+05:30  INFO 16164 --- [SpringJPADemo] [restartedMain] com.revature.SpringJpaDemoApplication    : Started SpringJpaDemoApplication in 6.005 seconds (process running for 6.836)
2024-09-12T14:42:53.766+05:30  INFO 16164 --- [SpringJPADemo] [RMI TCP Connection(4)-127.0.0.1] o.a.c.c.C.[Tomcat].[localhost].[/]       : Initializing Spring DispatcherServlet 'dispatcherServlet'
2024-09-12T14:42:53.767+05:30  INFO 16164 --- [SpringJPADemo] [RMI TCP Connection(4)-127.0.0.1] o.s.web.servlet.DispatcherServlet        : Initializing Servlet 'dispatcherServlet'
2024-09-12T14:42:53.768+05:30  INFO 16164 --- [SpringJPADemo] [RMI TCP Connection(4)-127.0.0.1] o.s.web.servlet.DispatcherServlet        : Completed initialization in 1 ms
2024-09-12T14:43:01.169+05:30  INFO 16164 --- [SpringJPADemo] [http-nio-8081-exec-1] com.revature.aspect.LoggingAspect        : Time Taken for Execution = 0
2024-09-12T14:43:59.113+05:30  INFO 16164 --- [SpringJPADemo] [File Watcher] rtingClassPathChangeChangedEventListener : Restarting due to 1 class path change (0 additions, 0 deletions, 1 modification)
2024-09-12T14:43:59.137+05:30  INFO 16164 --- [SpringJPADemo] [Thread-5] j.LocalContainerEntityManagerFactoryBean : Closing JPA EntityManagerFactory for persistence unit 'default'
2024-09-12T14:43:59.143+05:30  INFO 16164 --- [SpringJPADemo] [Thread-5] com.zaxxer.hikari.HikariDataSource       : HikariPool-1 - Shutdown initiated...
2024-09-12T14:43:59.151+05:30  INFO 16164 --- [SpringJPADemo] [Thread-5] com.zaxxer.hikari.HikariDataSource       : HikariPool-1 - Shutdown completed.
2024-09-12T14:43:59.255+05:30  INFO 16164 --- [SpringJPADemo] [restartedMain] com.revature.SpringJpaDemoApplication    : Starting SpringJpaDemoApplication using Java 21.0.3 with PID 16164 (C:\2024Training\TRNG-00001988\091224\SpringJPADemo\target\classes started by JasdhirSingh in C:\2024Training\TRNG-00001988\091224\SpringJPADemo)
2024-09-12T14:43:59.260+05:30  INFO 16164 --- [SpringJPADemo] [restartedMain] com.revature.SpringJpaDemoApplication    : No active profile set, falling back to 1 default profile: "default"
2024-09-12T14:43:59.600+05:30  INFO 16164 --- [SpringJPADemo] [restartedMain] .s.d.r.c.RepositoryConfigurationDelegate : Bootstrapping Spring Data JPA repositories in DEFAULT mode.
2024-09-12T14:43:59.612+05:30  INFO 16164 --- [SpringJPADemo] [restartedMain] .s.d.r.c.RepositoryConfigurationDelegate : Finished Spring Data repository scanning in 11 ms. Found 1 JPA repository interface.
2024-09-12T14:43:59.768+05:30  INFO 16164 --- [SpringJPADemo] [restartedMain] o.s.b.w.embedded.tomcat.TomcatWebServer  : Tomcat initialized with port 8081 (http)
2024-09-12T14:43:59.769+05:30  INFO 16164 --- [SpringJPADemo] [restartedMain] o.apache.catalina.core.StandardService   : Starting service [Tomcat]
2024-09-12T14:43:59.769+05:30  INFO 16164 --- [SpringJPADemo] [restartedMain] o.apache.catalina.core.StandardEngine    : Starting Servlet engine: [Apache Tomcat/10.1.28]
2024-09-12T14:43:59.799+05:30  INFO 16164 --- [SpringJPADemo] [restartedMain] o.a.c.c.C.[Tomcat].[localhost].[/]       : Initializing Spring embedded WebApplicationContext
2024-09-12T14:43:59.799+05:30  INFO 16164 --- [SpringJPADemo] [restartedMain] w.s.c.ServletWebServerApplicationContext : Root WebApplicationContext: initialization completed in 536 ms
2024-09-12T14:43:59.951+05:30  INFO 16164 --- [SpringJPADemo] [restartedMain] o.hibernate.jpa.internal.util.LogHelper  : HHH000204: Processing PersistenceUnitInfo [name: default]
2024-09-12T14:43:59.955+05:30  INFO 16164 --- [SpringJPADemo] [restartedMain] o.h.c.internal.RegionFactoryInitiator    : HHH000026: Second-level cache disabled
2024-09-12T14:43:59.964+05:30  INFO 16164 --- [SpringJPADemo] [restartedMain] o.s.o.j.p.SpringPersistenceUnitInfo      : No LoadTimeWeaver setup: ignoring JPA class transformer
2024-09-12T14:43:59.965+05:30  INFO 16164 --- [SpringJPADemo] [restartedMain] com.zaxxer.hikari.HikariDataSource       : HikariPool-2 - Starting...
2024-09-12T14:43:59.982+05:30  INFO 16164 --- [SpringJPADemo] [restartedMain] com.zaxxer.hikari.pool.HikariPool        : HikariPool-2 - Added connection com.mysql.cj.jdbc.ConnectionImpl@3cf333eb
2024-09-12T14:43:59.982+05:30  INFO 16164 --- [SpringJPADemo] [restartedMain] com.zaxxer.hikari.HikariDataSource       : HikariPool-2 - Start completed.
2024-09-12T14:44:00.037+05:30  INFO 16164 --- [SpringJPADemo] [restartedMain] o.h.e.t.j.p.i.JtaPlatformInitiator       : HHH000489: No JTA platform available (set 'hibernate.transaction.jta.platform' to enable JTA platform integration)
2024-09-12T14:44:00.044+05:30  INFO 16164 --- [SpringJPADemo] [restartedMain] j.LocalContainerEntityManagerFactoryBean : Initialized JPA EntityManagerFactory for persistence unit 'default'
2024-09-12T14:44:00.239+05:30  WARN 16164 --- [SpringJPADemo] [restartedMain] JpaBaseConfiguration$JpaWebConfiguration : spring.jpa.open-in-view is enabled by default. Therefore, database queries may be performed during view rendering. Explicitly configure spring.jpa.open-in-view to disable this warning
2024-09-12T14:44:00.728+05:30  INFO 16164 --- [SpringJPADemo] [restartedMain] o.s.b.d.a.OptionalLiveReloadServer       : LiveReload server is running on port 35729
2024-09-12T14:44:00.740+05:30  INFO 16164 --- [SpringJPADemo] [restartedMain] o.s.b.a.e.web.EndpointLinksResolver      : Exposing 15 endpoints beneath base path '/actuator'
2024-09-12T14:44:00.780+05:30  INFO 16164 --- [SpringJPADemo] [restartedMain] o.s.b.w.embedded.tomcat.TomcatWebServer  : Tomcat started on port 8081 (http) with context path '/'
2024-09-12T14:44:00.785+05:30  INFO 16164 --- [SpringJPADemo] [restartedMain] com.revature.SpringJpaDemoApplication    : Started SpringJpaDemoApplication in 1.563 seconds (process running for 74.4)
2024-09-12T14:44:00.788+05:30  INFO 16164 --- [SpringJPADemo] [restartedMain] .ConditionEvaluationDeltaLoggingListener : Condition evaluation unchanged
2024-09-12T14:44:16.084+05:30  INFO 16164 --- [SpringJPADemo] [http-nio-8081-exec-1] o.a.c.c.C.[Tomcat].[localhost].[/]       : Initializing Spring DispatcherServlet 'dispatcherServlet'
2024-09-12T14:44:16.085+05:30  INFO 16164 --- [SpringJPADemo] [http-nio-8081-exec-1] o.s.web.servlet.DispatcherServlet        : Initializing Servlet 'dispatcherServlet'
2024-09-12T14:44:16.087+05:30  INFO 16164 --- [SpringJPADemo] [http-nio-8081-exec-1] o.s.web.servlet.DispatcherServlet        : Completed initialization in 2 ms
2024-09-12T14:44:16.091+05:30  INFO 16164 --- [SpringJPADemo] [http-nio-8081-exec-1] com.revature.aspect.LoggingAspect        :  Adivce for execution(List com.revature.controllers.EmployeeController.getEmployees())
2024-09-12T14:44:16.187+05:30  INFO 16164 --- [SpringJPADemo] [http-nio-8081-exec-1] com.revature.aspect.LoggingAspect        : After Returning Advice
2024-09-12T14:44:16.189+05:30  INFO 16164 --- [SpringJPADemo] [http-nio-8081-exec-1] com.revature.aspect.LoggingAspect        : [Employee [id=1, name=Jasdhir, salary=5000.0], Employee [id=2, name=Manjeet, salary=5100.0], Employee [id=52, name=Madhav, salary=5050.0]]
2024-09-12T14:44:16.189+05:30  INFO 16164 --- [SpringJPADemo] [http-nio-8081-exec-1] com.revature.aspect.LoggingAspect        : After Adivce for execution(List com.revature.controllers.EmployeeController.getEmployees())
2024-09-12T14:44:16.189+05:30  INFO 16164 --- [SpringJPADemo] [http-nio-8081-exec-1] com.revature.aspect.LoggingAspect        : Time Taken for Execution = 99
2024-09-12T14:44:55.660+05:30  INFO 16164 --- [SpringJPADemo] [File Watcher] rtingClassPathChangeChangedEventListener : Restarting due to 1 class path change (0 additions, 0 deletions, 1 modification)
2024-09-12T14:44:55.667+05:30  INFO 16164 --- [SpringJPADemo] [Thread-7] j.LocalContainerEntityManagerFactoryBean : Closing JPA EntityManagerFactory for persistence unit 'default'
2024-09-12T14:44:55.669+05:30  INFO 16164 --- [SpringJPADemo] [Thread-7] com.zaxxer.hikari.HikariDataSource       : HikariPool-2 - Shutdown initiated...
2024-09-12T14:44:55.674+05:30  INFO 16164 --- [SpringJPADemo] [Thread-7] com.zaxxer.hikari.HikariDataSource       : HikariPool-2 - Shutdown completed.
2024-09-12T14:44:55.778+05:30  INFO 16164 --- [SpringJPADemo] [restartedMain] com.revature.SpringJpaDemoApplication    : Starting SpringJpaDemoApplication using Java 21.0.3 with PID 16164 (C:\2024Training\TRNG-00001988\091224\SpringJPADemo\target\classes started by JasdhirSingh in C:\2024Training\TRNG-00001988\091224\SpringJPADemo)
2024-09-12T14:44:55.784+05:30  INFO 16164 --- [SpringJPADemo] [restartedMain] com.revature.SpringJpaDemoApplication    : No active profile set, falling back to 1 default profile: "default"
2024-09-12T14:44:56.142+05:30  INFO 16164 --- [SpringJPADemo] [restartedMain] .s.d.r.c.RepositoryConfigurationDelegate : Bootstrapping Spring Data JPA repositories in DEFAULT mode.
2024-09-12T14:44:56.153+05:30  INFO 16164 --- [SpringJPADemo] [restartedMain] .s.d.r.c.RepositoryConfigurationDelegate : Finished Spring Data repository scanning in 9 ms. Found 1 JPA repository interface.
2024-09-12T14:44:56.275+05:30  INFO 16164 --- [SpringJPADemo] [restartedMain] o.s.b.w.embedded.tomcat.TomcatWebServer  : Tomcat initialized with port 8081 (http)
2024-09-12T14:44:56.276+05:30  INFO 16164 --- [SpringJPADemo] [restartedMain] o.apache.catalina.core.StandardService   : Starting service [Tomcat]
2024-09-12T14:44:56.276+05:30  INFO 16164 --- [SpringJPADemo] [restartedMain] o.apache.catalina.core.StandardEngine    : Starting Servlet engine: [Apache Tomcat/10.1.28]
2024-09-12T14:44:56.318+05:30  INFO 16164 --- [SpringJPADemo] [restartedMain] o.a.c.c.C.[Tomcat].[localhost].[/]       : Initializing Spring embedded WebApplicationContext
2024-09-12T14:44:56.318+05:30  INFO 16164 --- [SpringJPADemo] [restartedMain] w.s.c.ServletWebServerApplicationContext : Root WebApplicationContext: initialization completed in 532 ms
2024-09-12T14:44:56.499+05:30  INFO 16164 --- [SpringJPADemo] [restartedMain] o.hibernate.jpa.internal.util.LogHelper  : HHH000204: Processing PersistenceUnitInfo [name: default]
2024-09-12T14:44:56.504+05:30  INFO 16164 --- [SpringJPADemo] [restartedMain] o.h.c.internal.RegionFactoryInitiator    : HHH000026: Second-level cache disabled
2024-09-12T14:44:56.514+05:30  INFO 16164 --- [SpringJPADemo] [restartedMain] o.s.o.j.p.SpringPersistenceUnitInfo      : No LoadTimeWeaver setup: ignoring JPA class transformer
2024-09-12T14:44:56.514+05:30  INFO 16164 --- [SpringJPADemo] [restartedMain] com.zaxxer.hikari.HikariDataSource       : HikariPool-3 - Starting...
2024-09-12T14:44:56.530+05:30  INFO 16164 --- [SpringJPADemo] [restartedMain] com.zaxxer.hikari.pool.HikariPool        : HikariPool-3 - Added connection com.mysql.cj.jdbc.ConnectionImpl@2d482209
2024-09-12T14:44:56.530+05:30  INFO 16164 --- [SpringJPADemo] [restartedMain] com.zaxxer.hikari.HikariDataSource       : HikariPool-3 - Start completed.
2024-09-12T14:44:56.570+05:30  INFO 16164 --- [SpringJPADemo] [restartedMain] o.h.e.t.j.p.i.JtaPlatformInitiator       : HHH000489: No JTA platform available (set 'hibernate.transaction.jta.platform' to enable JTA platform integration)
2024-09-12T14:44:56.579+05:30  INFO 16164 --- [SpringJPADemo] [restartedMain] j.LocalContainerEntityManagerFactoryBean : Initialized JPA EntityManagerFactory for persistence unit 'default'
2024-09-12T14:44:56.711+05:30  WARN 16164 --- [SpringJPADemo] [restartedMain] JpaBaseConfiguration$JpaWebConfiguration : spring.jpa.open-in-view is enabled by default. Therefore, database queries may be performed during view rendering. Explicitly configure spring.jpa.open-in-view to disable this warning
2024-09-12T14:44:57.213+05:30  INFO 16164 --- [SpringJPADemo] [restartedMain] o.s.b.d.a.OptionalLiveReloadServer       : LiveReload server is running on port 35729
2024-09-12T14:44:57.220+05:30  INFO 16164 --- [SpringJPADemo] [restartedMain] o.s.b.a.e.web.EndpointLinksResolver      : Exposing 15 endpoints beneath base path '/actuator'
2024-09-12T14:44:57.253+05:30  INFO 16164 --- [SpringJPADemo] [restartedMain] o.s.b.w.embedded.tomcat.TomcatWebServer  : Tomcat started on port 8081 (http) with context path '/'
2024-09-12T14:44:57.258+05:30  INFO 16164 --- [SpringJPADemo] [restartedMain] com.revature.SpringJpaDemoApplication    : Started SpringJpaDemoApplication in 1.519 seconds (process running for 130.873)
2024-09-12T14:44:57.261+05:30  INFO 16164 --- [SpringJPADemo] [restartedMain] .ConditionEvaluationDeltaLoggingListener : Condition evaluation unchanged
2024-09-12T14:45:06.708+05:30  INFO 16164 --- [SpringJPADemo] [File Watcher] rtingClassPathChangeChangedEventListener : Restarting due to 1 class path change (0 additions, 0 deletions, 1 modification)
2024-09-12T14:45:06.716+05:30  INFO 16164 --- [SpringJPADemo] [Thread-11] j.LocalContainerEntityManagerFactoryBean : Closing JPA EntityManagerFactory for persistence unit 'default'
2024-09-12T14:45:06.717+05:30  INFO 16164 --- [SpringJPADemo] [Thread-11] com.zaxxer.hikari.HikariDataSource       : HikariPool-3 - Shutdown initiated...
2024-09-12T14:45:06.726+05:30  INFO 16164 --- [SpringJPADemo] [Thread-11] com.zaxxer.hikari.HikariDataSource       : HikariPool-3 - Shutdown completed.
2024-09-12T14:45:06.837+05:30  INFO 16164 --- [SpringJPADemo] [restartedMain] com.revature.SpringJpaDemoApplication    : Starting SpringJpaDemoApplication using Java 21.0.3 with PID 16164 (C:\2024Training\TRNG-00001988\091224\SpringJPADemo\target\classes started by JasdhirSingh in C:\2024Training\TRNG-00001988\091224\SpringJPADemo)
2024-09-12T14:45:06.843+05:30  INFO 16164 --- [SpringJPADemo] [restartedMain] com.revature.SpringJpaDemoApplication    : No active profile set, falling back to 1 default profile: "default"
2024-09-12T14:45:07.189+05:30  INFO 16164 --- [SpringJPADemo] [restartedMain] .s.d.r.c.RepositoryConfigurationDelegate : Bootstrapping Spring Data JPA repositories in DEFAULT mode.
2024-09-12T14:45:07.206+05:30  INFO 16164 --- [SpringJPADemo] [restartedMain] .s.d.r.c.RepositoryConfigurationDelegate : Finished Spring Data repository scanning in 16 ms. Found 1 JPA repository interface.
2024-09-12T14:45:07.368+05:30  INFO 16164 --- [SpringJPADemo] [restartedMain] o.s.b.w.embedded.tomcat.TomcatWebServer  : Tomcat initialized with port 8081 (http)
2024-09-12T14:45:07.369+05:30  INFO 16164 --- [SpringJPADemo] [restartedMain] o.apache.catalina.core.StandardService   : Starting service [Tomcat]
2024-09-12T14:45:07.369+05:30  INFO 16164 --- [SpringJPADemo] [restartedMain] o.apache.catalina.core.StandardEngine    : Starting Servlet engine: [Apache Tomcat/10.1.28]
2024-09-12T14:45:07.402+05:30  INFO 16164 --- [SpringJPADemo] [restartedMain] o.a.c.c.C.[Tomcat].[localhost].[/]       : Initializing Spring embedded WebApplicationContext
2024-09-12T14:45:07.402+05:30  INFO 16164 --- [SpringJPADemo] [restartedMain] w.s.c.ServletWebServerApplicationContext : Root WebApplicationContext: initialization completed in 557 ms
2024-09-12T14:45:07.591+05:30  INFO 16164 --- [SpringJPADemo] [restartedMain] o.hibernate.jpa.internal.util.LogHelper  : HHH000204: Processing PersistenceUnitInfo [name: default]
2024-09-12T14:45:07.594+05:30  INFO 16164 --- [SpringJPADemo] [restartedMain] o.h.c.internal.RegionFactoryInitiator    : HHH000026: Second-level cache disabled
2024-09-12T14:45:07.602+05:30  INFO 16164 --- [SpringJPADemo] [restartedMain] o.s.o.j.p.SpringPersistenceUnitInfo      : No LoadTimeWeaver setup: ignoring JPA class transformer
2024-09-12T14:45:07.602+05:30  INFO 16164 --- [SpringJPADemo] [restartedMain] com.zaxxer.hikari.HikariDataSource       : HikariPool-4 - Starting...
2024-09-12T14:45:07.613+05:30  INFO 16164 --- [SpringJPADemo] [restartedMain] com.zaxxer.hikari.pool.HikariPool        : HikariPool-4 - Added connection com.mysql.cj.jdbc.ConnectionImpl@1314b1d1
2024-09-12T14:45:07.613+05:30  INFO 16164 --- [SpringJPADemo] [restartedMain] com.zaxxer.hikari.HikariDataSource       : HikariPool-4 - Start completed.
2024-09-12T14:45:07.641+05:30  INFO 16164 --- [SpringJPADemo] [restartedMain] o.h.e.t.j.p.i.JtaPlatformInitiator       : HHH000489: No JTA platform available (set 'hibernate.transaction.jta.platform' to enable JTA platform integration)
2024-09-12T14:45:07.649+05:30  INFO 16164 --- [SpringJPADemo] [restartedMain] j.LocalContainerEntityManagerFactoryBean : Initialized JPA EntityManagerFactory for persistence unit 'default'
2024-09-12T14:45:07.780+05:30  WARN 16164 --- [SpringJPADemo] [restartedMain] JpaBaseConfiguration$JpaWebConfiguration : spring.jpa.open-in-view is enabled by default. Therefore, database queries may be performed during view rendering. Explicitly configure spring.jpa.open-in-view to disable this warning
2024-09-12T14:45:08.274+05:30  INFO 16164 --- [SpringJPADemo] [restartedMain] o.s.b.d.a.OptionalLiveReloadServer       : LiveReload server is running on port 35729
2024-09-12T14:45:08.282+05:30  INFO 16164 --- [SpringJPADemo] [restartedMain] o.s.b.a.e.web.EndpointLinksResolver      : Exposing 15 endpoints beneath base path '/actuator'
2024-09-12T14:45:08.322+05:30  INFO 16164 --- [SpringJPADemo] [restartedMain] o.s.b.w.embedded.tomcat.TomcatWebServer  : Tomcat started on port 8081 (http) with context path '/'
2024-09-12T14:45:08.328+05:30  INFO 16164 --- [SpringJPADemo] [restartedMain] com.revature.SpringJpaDemoApplication    : Started SpringJpaDemoApplication in 1.535 seconds (process running for 141.943)
2024-09-12T14:45:08.330+05:30  INFO 16164 --- [SpringJPADemo] [restartedMain] .ConditionEvaluationDeltaLoggingListener : Condition evaluation unchanged
2024-09-12T14:45:11.803+05:30  INFO 16164 --- [SpringJPADemo] [http-nio-8081-exec-1] o.a.c.c.C.[Tomcat].[localhost].[/]       : Initializing Spring DispatcherServlet 'dispatcherServlet'
2024-09-12T14:45:11.803+05:30  INFO 16164 --- [SpringJPADemo] [http-nio-8081-exec-1] o.s.web.servlet.DispatcherServlet        : Initializing Servlet 'dispatcherServlet'
2024-09-12T14:45:11.804+05:30  INFO 16164 --- [SpringJPADemo] [http-nio-8081-exec-1] o.s.web.servlet.DispatcherServlet        : Completed initialization in 1 ms
2024-09-12T14:45:11.809+05:30  INFO 16164 --- [SpringJPADemo] [http-nio-8081-exec-1] com.revature.aspect.LoggingAspect        :  Adivce for execution(List com.revature.controllers.EmployeeController.getEmployees())
2024-09-12T14:45:11.817+05:30  INFO 16164 --- [SpringJPADemo] [http-nio-8081-exec-1] com.revature.aspect.LoggingAspect        : After Returning Advice
2024-09-12T14:45:11.818+05:30  INFO 16164 --- [SpringJPADemo] [http-nio-8081-exec-1] com.revature.aspect.LoggingAspect        : [Employee [id=1, name=Jasdhir, salary=5000.0], Employee [id=2, name=Manjeet, salary=5100.0], Employee [id=52, name=Madhav, salary=5050.0]]
2024-09-12T14:45:11.818+05:30  INFO 16164 --- [SpringJPADemo] [http-nio-8081-exec-1] com.revature.aspect.LoggingAspect        : After Adivce for execution(List com.revature.controllers.EmployeeController.getEmployees())
2024-09-12T14:45:11.818+05:30  INFO 16164 --- [SpringJPADemo] [http-nio-8081-exec-1] com.revature.aspect.LoggingAspect        : Time Taken for Execution = 9
2024-09-12T14:45:43.343+05:30  INFO 16164 --- [SpringJPADemo] [http-nio-8081-exec-2] com.revature.aspect.LoggingAspect        :  Adivce for execution(ResponseEntity com.revature.controllers.EmployeeController.getEmployeeById(int))
2024-09-12T14:45:43.364+05:30  INFO 16164 --- [SpringJPADemo] [http-nio-8081-exec-2] com.revature.aspect.LoggingAspect        : After Returning Advice
2024-09-12T14:45:43.365+05:30  INFO 16164 --- [SpringJPADemo] [http-nio-8081-exec-2] com.revature.aspect.LoggingAspect        : <200 OK OK,Optional[Employee [id=52, name=Madhav, salary=5050.0]],[]>
2024-09-12T14:45:43.365+05:30  INFO 16164 --- [SpringJPADemo] [http-nio-8081-exec-2] com.revature.aspect.LoggingAspect        : After Adivce for execution(ResponseEntity com.revature.controllers.EmployeeController.getEmployeeById(int))
2024-09-12T14:45:43.365+05:30  INFO 16164 --- [SpringJPADemo] [http-nio-8081-exec-2] com.revature.aspect.LoggingAspect        : Time Taken for Execution = 23
2024-09-12T14:46:14.311+05:30  INFO 16164 --- [SpringJPADemo] [File Watcher] rtingClassPathChangeChangedEventListener : Restarting due to 1 class path change (0 additions, 0 deletions, 1 modification)
2024-09-12T14:46:14.324+05:30  INFO 16164 --- [SpringJPADemo] [Thread-15] j.LocalContainerEntityManagerFactoryBean : Closing JPA EntityManagerFactory for persistence unit 'default'
2024-09-12T14:46:14.324+05:30  INFO 16164 --- [SpringJPADemo] [Thread-15] com.zaxxer.hikari.HikariDataSource       : HikariPool-4 - Shutdown initiated...
2024-09-12T14:46:14.328+05:30  INFO 16164 --- [SpringJPADemo] [Thread-15] com.zaxxer.hikari.HikariDataSource       : HikariPool-4 - Shutdown completed.
2024-09-12T14:46:14.416+05:30  INFO 16164 --- [SpringJPADemo] [restartedMain] com.revature.SpringJpaDemoApplication    : Starting SpringJpaDemoApplication using Java 21.0.3 with PID 16164 (C:\2024Training\TRNG-00001988\091224\SpringJPADemo\target\classes started by JasdhirSingh in C:\2024Training\TRNG-00001988\091224\SpringJPADemo)
2024-09-12T14:46:14.422+05:30  INFO 16164 --- [SpringJPADemo] [restartedMain] com.revature.SpringJpaDemoApplication    : No active profile set, falling back to 1 default profile: "default"
2024-09-12T14:46:14.707+05:30  INFO 16164 --- [SpringJPADemo] [restartedMain] .s.d.r.c.RepositoryConfigurationDelegate : Bootstrapping Spring Data JPA repositories in DEFAULT mode.
2024-09-12T14:46:14.719+05:30  INFO 16164 --- [SpringJPADemo] [restartedMain] .s.d.r.c.RepositoryConfigurationDelegate : Finished Spring Data repository scanning in 11 ms. Found 1 JPA repository interface.
2024-09-12T14:46:14.858+05:30  INFO 16164 --- [SpringJPADemo] [restartedMain] o.s.b.w.embedded.tomcat.TomcatWebServer  : Tomcat initialized with port 8081 (http)
2024-09-12T14:46:14.859+05:30  INFO 16164 --- [SpringJPADemo] [restartedMain] o.apache.catalina.core.StandardService   : Starting service [Tomcat]
2024-09-12T14:46:14.859+05:30  INFO 16164 --- [SpringJPADemo] [restartedMain] o.apache.catalina.core.StandardEngine    : Starting Servlet engine: [Apache Tomcat/10.1.28]
2024-09-12T14:46:14.887+05:30  INFO 16164 --- [SpringJPADemo] [restartedMain] o.a.c.c.C.[Tomcat].[localhost].[/]       : Initializing Spring embedded WebApplicationContext
2024-09-12T14:46:14.887+05:30  INFO 16164 --- [SpringJPADemo] [restartedMain] w.s.c.ServletWebServerApplicationContext : Root WebApplicationContext: initialization completed in 463 ms
2024-09-12T14:46:15.017+05:30  INFO 16164 --- [SpringJPADemo] [restartedMain] o.hibernate.jpa.internal.util.LogHelper  : HHH000204: Processing PersistenceUnitInfo [name: default]
2024-09-12T14:46:15.020+05:30  INFO 16164 --- [SpringJPADemo] [restartedMain] o.h.c.internal.RegionFactoryInitiator    : HHH000026: Second-level cache disabled
2024-09-12T14:46:15.027+05:30  INFO 16164 --- [SpringJPADemo] [restartedMain] o.s.o.j.p.SpringPersistenceUnitInfo      : No LoadTimeWeaver setup: ignoring JPA class transformer
2024-09-12T14:46:15.029+05:30  INFO 16164 --- [SpringJPADemo] [restartedMain] com.zaxxer.hikari.HikariDataSource       : HikariPool-5 - Starting...
2024-09-12T14:46:15.039+05:30  INFO 16164 --- [SpringJPADemo] [restartedMain] com.zaxxer.hikari.pool.HikariPool        : HikariPool-5 - Added connection com.mysql.cj.jdbc.ConnectionImpl@3e2a6e4e
2024-09-12T14:46:15.040+05:30  INFO 16164 --- [SpringJPADemo] [restartedMain] com.zaxxer.hikari.HikariDataSource       : HikariPool-5 - Start completed.
2024-09-12T14:46:15.095+05:30  INFO 16164 --- [SpringJPADemo] [restartedMain] o.h.e.t.j.p.i.JtaPlatformInitiator       : HHH000489: No JTA platform available (set 'hibernate.transaction.jta.platform' to enable JTA platform integration)
2024-09-12T14:46:15.108+05:30  INFO 16164 --- [SpringJPADemo] [restartedMain] j.LocalContainerEntityManagerFactoryBean : Initialized JPA EntityManagerFactory for persistence unit 'default'
2024-09-12T14:46:15.238+05:30  WARN 16164 --- [SpringJPADemo] [restartedMain] JpaBaseConfiguration$JpaWebConfiguration : spring.jpa.open-in-view is enabled by default. Therefore, database queries may be performed during view rendering. Explicitly configure spring.jpa.open-in-view to disable this warning
2024-09-12T14:46:15.673+05:30  INFO 16164 --- [SpringJPADemo] [restartedMain] o.s.b.d.a.OptionalLiveReloadServer       : LiveReload server is running on port 35729
2024-09-12T14:46:15.679+05:30  INFO 16164 --- [SpringJPADemo] [restartedMain] o.s.b.a.e.web.EndpointLinksResolver      : Exposing 15 endpoints beneath base path '/actuator'
2024-09-12T14:46:15.710+05:30  INFO 16164 --- [SpringJPADemo] [restartedMain] o.s.b.w.embedded.tomcat.TomcatWebServer  : Tomcat started on port 8081 (http) with context path '/'
2024-09-12T14:46:15.715+05:30  INFO 16164 --- [SpringJPADemo] [restartedMain] com.revature.SpringJpaDemoApplication    : Started SpringJpaDemoApplication in 1.328 seconds (process running for 209.33)
2024-09-12T14:46:15.717+05:30  INFO 16164 --- [SpringJPADemo] [restartedMain] .ConditionEvaluationDeltaLoggingListener : Condition evaluation unchanged
2024-09-12T14:46:19.112+05:30  INFO 16164 --- [SpringJPADemo] [File Watcher] rtingClassPathChangeChangedEventListener : Restarting due to 1 class path change (0 additions, 0 deletions, 1 modification)
2024-09-12T14:46:19.118+05:30  INFO 16164 --- [SpringJPADemo] [Thread-19] j.LocalContainerEntityManagerFactoryBean : Closing JPA EntityManagerFactory for persistence unit 'default'
2024-09-12T14:46:19.120+05:30  INFO 16164 --- [SpringJPADemo] [Thread-19] com.zaxxer.hikari.HikariDataSource       : HikariPool-5 - Shutdown initiated...
2024-09-12T14:46:19.124+05:30  INFO 16164 --- [SpringJPADemo] [Thread-19] com.zaxxer.hikari.HikariDataSource       : HikariPool-5 - Shutdown completed.
2024-09-12T14:46:19.208+05:30  INFO 16164 --- [SpringJPADemo] [restartedMain] com.revature.SpringJpaDemoApplication    : Starting SpringJpaDemoApplication using Java 21.0.3 with PID 16164 (C:\2024Training\TRNG-00001988\091224\SpringJPADemo\target\classes started by JasdhirSingh in C:\2024Training\TRNG-00001988\091224\SpringJPADemo)
2024-09-12T14:46:19.213+05:30  INFO 16164 --- [SpringJPADemo] [restartedMain] com.revature.SpringJpaDemoApplication    : No active profile set, falling back to 1 default profile: "default"
2024-09-12T14:46:19.508+05:30  INFO 16164 --- [SpringJPADemo] [restartedMain] .s.d.r.c.RepositoryConfigurationDelegate : Bootstrapping Spring Data JPA repositories in DEFAULT mode.
2024-09-12T14:46:19.519+05:30  INFO 16164 --- [SpringJPADemo] [restartedMain] .s.d.r.c.RepositoryConfigurationDelegate : Finished Spring Data repository scanning in 11 ms. Found 1 JPA repository interface.
2024-09-12T14:46:19.659+05:30  INFO 16164 --- [SpringJPADemo] [restartedMain] o.s.b.w.embedded.tomcat.TomcatWebServer  : Tomcat initialized with port 8081 (http)
2024-09-12T14:46:19.660+05:30  INFO 16164 --- [SpringJPADemo] [restartedMain] o.apache.catalina.core.StandardService   : Starting service [Tomcat]
2024-09-12T14:46:19.660+05:30  INFO 16164 --- [SpringJPADemo] [restartedMain] o.apache.catalina.core.StandardEngine    : Starting Servlet engine: [Apache Tomcat/10.1.28]
2024-09-12T14:46:19.694+05:30  INFO 16164 --- [SpringJPADemo] [restartedMain] o.a.c.c.C.[Tomcat].[localhost].[/]       : Initializing Spring embedded WebApplicationContext
2024-09-12T14:46:19.694+05:30  INFO 16164 --- [SpringJPADemo] [restartedMain] w.s.c.ServletWebServerApplicationContext : Root WebApplicationContext: initialization completed in 479 ms
2024-09-12T14:46:19.831+05:30  INFO 16164 --- [SpringJPADemo] [restartedMain] o.hibernate.jpa.internal.util.LogHelper  : HHH000204: Processing PersistenceUnitInfo [name: default]
2024-09-12T14:46:19.834+05:30  INFO 16164 --- [SpringJPADemo] [restartedMain] o.h.c.internal.RegionFactoryInitiator    : HHH000026: Second-level cache disabled
2024-09-12T14:46:19.847+05:30  INFO 16164 --- [SpringJPADemo] [restartedMain] o.s.o.j.p.SpringPersistenceUnitInfo      : No LoadTimeWeaver setup: ignoring JPA class transformer
2024-09-12T14:46:19.847+05:30  INFO 16164 --- [SpringJPADemo] [restartedMain] com.zaxxer.hikari.HikariDataSource       : HikariPool-6 - Starting...
2024-09-12T14:46:19.864+05:30  INFO 16164 --- [SpringJPADemo] [restartedMain] com.zaxxer.hikari.pool.HikariPool        : HikariPool-6 - Added connection com.mysql.cj.jdbc.ConnectionImpl@dedea35
2024-09-12T14:46:19.866+05:30  INFO 16164 --- [SpringJPADemo] [restartedMain] com.zaxxer.hikari.HikariDataSource       : HikariPool-6 - Start completed.
2024-09-12T14:46:19.904+05:30  INFO 16164 --- [SpringJPADemo] [restartedMain] o.h.e.t.j.p.i.JtaPlatformInitiator       : HHH000489: No JTA platform available (set 'hibernate.transaction.jta.platform' to enable JTA platform integration)
2024-09-12T14:46:19.911+05:30  INFO 16164 --- [SpringJPADemo] [restartedMain] j.LocalContainerEntityManagerFactoryBean : Initialized JPA EntityManagerFactory for persistence unit 'default'
2024-09-12T14:46:20.041+05:30  WARN 16164 --- [SpringJPADemo] [restartedMain] JpaBaseConfiguration$JpaWebConfiguration : spring.jpa.open-in-view is enabled by default. Therefore, database queries may be performed during view rendering. Explicitly configure spring.jpa.open-in-view to disable this warning
2024-09-12T14:46:20.478+05:30  INFO 16164 --- [SpringJPADemo] [restartedMain] o.s.b.d.a.OptionalLiveReloadServer       : LiveReload server is running on port 35729
2024-09-12T14:46:20.487+05:30  INFO 16164 --- [SpringJPADemo] [restartedMain] o.s.b.a.e.web.EndpointLinksResolver      : Exposing 15 endpoints beneath base path '/actuator'
2024-09-12T14:46:20.518+05:30  INFO 16164 --- [SpringJPADemo] [restartedMain] o.s.b.w.embedded.tomcat.TomcatWebServer  : Tomcat started on port 8081 (http) with context path '/'
2024-09-12T14:46:20.523+05:30  INFO 16164 --- [SpringJPADemo] [restartedMain] com.revature.SpringJpaDemoApplication    : Started SpringJpaDemoApplication in 1.341 seconds (process running for 214.137)
2024-09-12T14:46:20.525+05:30  INFO 16164 --- [SpringJPADemo] [restartedMain] .ConditionEvaluationDeltaLoggingListener : Condition evaluation unchanged
2024-09-12T15:06:36.262+05:30  INFO 16164 --- [SpringJPADemo] [RMI TCP Connection(29)-127.0.0.1] inMXBeanRegistrar$SpringApplicationAdmin : Application shutdown requested.
2024-09-12T15:06:36.276+05:30  INFO 16164 --- [SpringJPADemo] [RMI TCP Connection(29)-127.0.0.1] j.LocalContainerEntityManagerFactoryBean : Closing JPA EntityManagerFactory for persistence unit 'default'
2024-09-12T15:06:36.277+05:30  INFO 16164 --- [SpringJPADemo] [RMI TCP Connection(29)-127.0.0.1] com.zaxxer.hikari.HikariDataSource       : HikariPool-6 - Shutdown initiated...
2024-09-12T15:06:36.281+05:30  INFO 16164 --- [SpringJPADemo] [RMI TCP Connection(29)-127.0.0.1] com.zaxxer.hikari.HikariDataSource       : HikariPool-6 - Shutdown completed.
