2024-09-12T14:28:34.718+05:30  INFO 20396 --- [SpringJPADemo] [restartedMain] com.revature.SpringJpaDemoApplication    : Starting SpringJpaDemoApplication using Java 21.0.3 with PID 20396 (C:\2024Training\TRNG-00001988\091224\SpringJPADemo\target\classes started by JasdhirSingh in C:\2024Training\TRNG-00001988\091224\SpringJPADemo)
2024-09-12T14:28:34.742+05:30  INFO 20396 --- [SpringJPADemo] [restartedMain] com.revature.SpringJpaDemoApplication    : No active profile set, falling back to 1 default profile: "default"
2024-09-12T14:28:35.015+05:30  INFO 20396 --- [SpringJPADemo] [restartedMain] .s.d.r.c.RepositoryConfigurationDelegate : Bootstrapping Spring Data JPA repositories in DEFAULT mode.
2024-09-12T14:28:35.025+05:30  INFO 20396 --- [SpringJPADemo] [restartedMain] .s.d.r.c.RepositoryConfigurationDelegate : Finished Spring Data repository scanning in 9 ms. Found 1 JPA repository interface.
2024-09-12T14:28:35.166+05:30  INFO 20396 --- [SpringJPADemo] [restartedMain] o.s.b.w.embedded.tomcat.TomcatWebServer  : Tomcat initialized with port 8081 (http)
2024-09-12T14:28:35.167+05:30  INFO 20396 --- [SpringJPADemo] [restartedMain] o.apache.catalina.core.StandardService   : Starting service [Tomcat]
2024-09-12T14:28:35.167+05:30  INFO 20396 --- [SpringJPADemo] [restartedMain] o.apache.catalina.core.StandardEngine    : Starting Servlet engine: [Apache Tomcat/10.1.28]
2024-09-12T14:28:35.194+05:30  INFO 20396 --- [SpringJPADemo] [restartedMain] o.a.c.c.C.[Tomcat-1].[localhost].[/]     : Initializing Spring embedded WebApplicationContext
2024-09-12T14:28:35.194+05:30  INFO 20396 --- [SpringJPADemo] [restartedMain] w.s.c.ServletWebServerApplicationContext : Root WebApplicationContext: initialization completed in 450 ms
2024-09-12T14:28:35.314+05:30  INFO 20396 --- [SpringJPADemo] [restartedMain] o.hibernate.jpa.internal.util.LogHelper  : HHH000204: Processing PersistenceUnitInfo [name: default]
2024-09-12T14:28:35.317+05:30  INFO 20396 --- [SpringJPADemo] [restartedMain] o.h.c.internal.RegionFactoryInitiator    : HHH000026: Second-level cache disabled
2024-09-12T14:28:35.324+05:30  INFO 20396 --- [SpringJPADemo] [restartedMain] o.s.o.j.p.SpringPersistenceUnitInfo      : No LoadTimeWeaver setup: ignoring JPA class transformer
2024-09-12T14:28:35.325+05:30  INFO 20396 --- [SpringJPADemo] [restartedMain] com.zaxxer.hikari.HikariDataSource       : HikariPool-12 - Starting...
2024-09-12T14:28:35.337+05:30  INFO 20396 --- [SpringJPADemo] [restartedMain] com.zaxxer.hikari.pool.HikariPool        : HikariPool-12 - Added connection com.mysql.cj.jdbc.ConnectionImpl@6bdf92e8
2024-09-12T14:28:35.337+05:30  INFO 20396 --- [SpringJPADemo] [restartedMain] com.zaxxer.hikari.HikariDataSource       : HikariPool-12 - Start completed.
2024-09-12T14:28:35.372+05:30  INFO 20396 --- [SpringJPADemo] [restartedMain] o.h.e.t.j.p.i.JtaPlatformInitiator       : HHH000489: No JTA platform available (set 'hibernate.transaction.jta.platform' to enable JTA platform integration)
2024-09-12T14:28:35.391+05:30  INFO 20396 --- [SpringJPADemo] [restartedMain] j.LocalContainerEntityManagerFactoryBean : Initialized JPA EntityManagerFactory for persistence unit 'default'
2024-09-12T14:28:35.536+05:30  WARN 20396 --- [SpringJPADemo] [restartedMain] JpaBaseConfiguration$JpaWebConfiguration : spring.jpa.open-in-view is enabled by default. Therefore, database queries may be performed during view rendering. Explicitly configure spring.jpa.open-in-view to disable this warning
2024-09-12T14:28:35.944+05:30  INFO 20396 --- [SpringJPADemo] [restartedMain] o.s.b.d.a.OptionalLiveReloadServer       : LiveReload server is running on port 35729
2024-09-12T14:28:35.956+05:30  INFO 20396 --- [SpringJPADemo] [restartedMain] o.s.b.a.e.web.EndpointLinksResolver      : Exposing 15 endpoints beneath base path '/actuator'
2024-09-12T14:28:35.983+05:30  INFO 20396 --- [SpringJPADemo] [restartedMain] o.s.b.w.embedded.tomcat.TomcatWebServer  : Tomcat started on port 8081 (http) with context path '/'
2024-09-12T14:28:35.988+05:30  INFO 20396 --- [SpringJPADemo] [restartedMain] com.revature.SpringJpaDemoApplication    : Started SpringJpaDemoApplication in 1.3 seconds (process running for 1119.29)
2024-09-12T14:28:35.990+05:30  INFO 20396 --- [SpringJPADemo] [restartedMain] .ConditionEvaluationDeltaLoggingListener : Condition evaluation unchanged
2024-09-12T14:29:04.616+05:30  INFO 20396 --- [SpringJPADemo] [File Watcher] rtingClassPathChangeChangedEventListener : Restarting due to 1 class path change (0 additions, 0 deletions, 1 modification)
2024-09-12T14:29:04.622+05:30  INFO 20396 --- [SpringJPADemo] [Thread-46] j.LocalContainerEntityManagerFactoryBean : Closing JPA EntityManagerFactory for persistence unit 'default'
2024-09-12T14:29:04.623+05:30  INFO 20396 --- [SpringJPADemo] [Thread-46] com.zaxxer.hikari.HikariDataSource       : HikariPool-12 - Shutdown initiated...
2024-09-12T14:29:04.626+05:30  INFO 20396 --- [SpringJPADemo] [Thread-46] com.zaxxer.hikari.HikariDataSource       : HikariPool-12 - Shutdown completed.
2024-09-12T14:29:04.711+05:30  INFO 20396 --- [SpringJPADemo] [restartedMain] com.revature.SpringJpaDemoApplication    : Starting SpringJpaDemoApplication using Java 21.0.3 with PID 20396 (C:\2024Training\TRNG-00001988\091224\SpringJPADemo\target\classes started by JasdhirSingh in C:\2024Training\TRNG-00001988\091224\SpringJPADemo)
2024-09-12T14:29:04.712+05:30  INFO 20396 --- [SpringJPADemo] [restartedMain] com.revature.SpringJpaDemoApplication    : No active profile set, falling back to 1 default profile: "default"
2024-09-12T14:29:04.988+05:30  INFO 20396 --- [SpringJPADemo] [restartedMain] .s.d.r.c.RepositoryConfigurationDelegate : Bootstrapping Spring Data JPA repositories in DEFAULT mode.
2024-09-12T14:29:04.999+05:30  INFO 20396 --- [SpringJPADemo] [restartedMain] .s.d.r.c.RepositoryConfigurationDelegate : Finished Spring Data repository scanning in 10 ms. Found 1 JPA repository interface.
2024-09-12T14:29:05.130+05:30  INFO 20396 --- [SpringJPADemo] [restartedMain] o.s.b.w.embedded.tomcat.TomcatWebServer  : Tomcat initialized with port 8081 (http)
2024-09-12T14:29:05.130+05:30  INFO 20396 --- [SpringJPADemo] [restartedMain] o.apache.catalina.core.StandardService   : Starting service [Tomcat]
2024-09-12T14:29:05.130+05:30  INFO 20396 --- [SpringJPADemo] [restartedMain] o.apache.catalina.core.StandardEngine    : Starting Servlet engine: [Apache Tomcat/10.1.28]
2024-09-12T14:29:05.158+05:30  INFO 20396 --- [SpringJPADemo] [restartedMain] o.a.c.c.C.[Tomcat-1].[localhost].[/]     : Initializing Spring embedded WebApplicationContext
2024-09-12T14:29:05.158+05:30  INFO 20396 --- [SpringJPADemo] [restartedMain] w.s.c.ServletWebServerApplicationContext : Root WebApplicationContext: initialization completed in 443 ms
2024-09-12T14:29:05.276+05:30  INFO 20396 --- [SpringJPADemo] [restartedMain] o.hibernate.jpa.internal.util.LogHelper  : HHH000204: Processing PersistenceUnitInfo [name: default]
2024-09-12T14:29:05.279+05:30  INFO 20396 --- [SpringJPADemo] [restartedMain] o.h.c.internal.RegionFactoryInitiator    : HHH000026: Second-level cache disabled
2024-09-12T14:29:05.287+05:30  INFO 20396 --- [SpringJPADemo] [restartedMain] o.s.o.j.p.SpringPersistenceUnitInfo      : No LoadTimeWeaver setup: ignoring JPA class transformer
2024-09-12T14:29:05.288+05:30  INFO 20396 --- [SpringJPADemo] [restartedMain] com.zaxxer.hikari.HikariDataSource       : HikariPool-13 - Starting...
2024-09-12T14:29:05.302+05:30  INFO 20396 --- [SpringJPADemo] [restartedMain] com.zaxxer.hikari.pool.HikariPool        : HikariPool-13 - Added connection com.mysql.cj.jdbc.ConnectionImpl@14c26aff
2024-09-12T14:29:05.303+05:30  INFO 20396 --- [SpringJPADemo] [restartedMain] com.zaxxer.hikari.HikariDataSource       : HikariPool-13 - Start completed.
2024-09-12T14:29:05.331+05:30  INFO 20396 --- [SpringJPADemo] [restartedMain] o.h.e.t.j.p.i.JtaPlatformInitiator       : HHH000489: No JTA platform available (set 'hibernate.transaction.jta.platform' to enable JTA platform integration)
2024-09-12T14:29:05.352+05:30  INFO 20396 --- [SpringJPADemo] [restartedMain] j.LocalContainerEntityManagerFactoryBean : Initialized JPA EntityManagerFactory for persistence unit 'default'
2024-09-12T14:29:05.465+05:30  WARN 20396 --- [SpringJPADemo] [restartedMain] JpaBaseConfiguration$JpaWebConfiguration : spring.jpa.open-in-view is enabled by default. Therefore, database queries may be performed during view rendering. Explicitly configure spring.jpa.open-in-view to disable this warning
2024-09-12T14:29:05.942+05:30  INFO 20396 --- [SpringJPADemo] [restartedMain] o.s.b.d.a.OptionalLiveReloadServer       : LiveReload server is running on port 35729
2024-09-12T14:29:05.948+05:30  INFO 20396 --- [SpringJPADemo] [restartedMain] o.s.b.a.e.web.EndpointLinksResolver      : Exposing 15 endpoints beneath base path '/actuator'
2024-09-12T14:29:05.978+05:30  INFO 20396 --- [SpringJPADemo] [restartedMain] o.s.b.w.embedded.tomcat.TomcatWebServer  : Tomcat started on port 8081 (http) with context path '/'
2024-09-12T14:29:05.983+05:30  INFO 20396 --- [SpringJPADemo] [restartedMain] com.revature.SpringJpaDemoApplication    : Started SpringJpaDemoApplication in 1.298 seconds (process running for 1149.284)
2024-09-12T14:29:05.984+05:30  INFO 20396 --- [SpringJPADemo] [restartedMain] .ConditionEvaluationDeltaLoggingListener : Condition evaluation unchanged
2024-09-12T14:29:25.534+05:30  INFO 20396 --- [SpringJPADemo] [File Watcher] rtingClassPathChangeChangedEventListener : Restarting due to 1 class path change (0 additions, 0 deletions, 1 modification)
2024-09-12T14:29:25.539+05:30  INFO 20396 --- [SpringJPADemo] [Thread-50] j.LocalContainerEntityManagerFactoryBean : Closing JPA EntityManagerFactory for persistence unit 'default'
2024-09-12T14:29:25.541+05:30  INFO 20396 --- [SpringJPADemo] [Thread-50] com.zaxxer.hikari.HikariDataSource       : HikariPool-13 - Shutdown initiated...
2024-09-12T14:29:25.544+05:30  INFO 20396 --- [SpringJPADemo] [Thread-50] com.zaxxer.hikari.HikariDataSource       : HikariPool-13 - Shutdown completed.
