2024-09-12T14:29:25.642+05:30  INFO 20396 --- [SpringJPADemo] [restartedMain] com.revature.SpringJpaDemoApplication    : Starting SpringJpaDemoApplication using Java 21.0.3 with PID 20396 (C:\2024Training\TRNG-00001988\091224\SpringJPADemo\target\classes started by JasdhirSingh in C:\2024Training\TRNG-00001988\091224\SpringJPADemo)
2024-09-12T14:29:25.644+05:30  INFO 20396 --- [SpringJPADemo] [restartedMain] com.revature.SpringJpaDemoApplication    : No active profile set, falling back to 1 default profile: "default"
2024-09-12T14:29:25.910+05:30  INFO 20396 --- [SpringJPADemo] [restartedMain] .s.d.r.c.RepositoryConfigurationDelegate : Bootstrapping Spring Data JPA repositories in DEFAULT mode.
2024-09-12T14:29:25.919+05:30  INFO 20396 --- [SpringJPADemo] [restartedMain] .s.d.r.c.RepositoryConfigurationDelegate : Finished Spring Data repository scanning in 8 ms. Found 1 JPA repository interface.
2024-09-12T14:29:26.036+05:30  INFO 20396 --- [SpringJPADemo] [restartedMain] o.s.b.w.embedded.tomcat.TomcatWebServer  : Tomcat initialized with port 8081 (http)
2024-09-12T14:29:26.037+05:30  INFO 20396 --- [SpringJPADemo] [restartedMain] o.apache.catalina.core.StandardService   : Starting service [Tomcat]
2024-09-12T14:29:26.037+05:30  INFO 20396 --- [SpringJPADemo] [restartedMain] o.apache.catalina.core.StandardEngine    : Starting Servlet engine: [Apache Tomcat/10.1.28]
2024-09-12T14:29:26.062+05:30  INFO 20396 --- [SpringJPADemo] [restartedMain] o.a.c.c.C.[Tomcat-1].[localhost].[/]     : Initializing Spring embedded WebApplicationContext
2024-09-12T14:29:26.063+05:30  INFO 20396 --- [SpringJPADemo] [restartedMain] w.s.c.ServletWebServerApplicationContext : Root WebApplicationContext: initialization completed in 416 ms
2024-09-12T14:29:26.230+05:30  INFO 20396 --- [SpringJPADemo] [restartedMain] o.hibernate.jpa.internal.util.LogHelper  : HHH000204: Processing PersistenceUnitInfo [name: default]
2024-09-12T14:29:26.233+05:30  INFO 20396 --- [SpringJPADemo] [restartedMain] o.h.c.internal.RegionFactoryInitiator    : HHH000026: Second-level cache disabled
2024-09-12T14:29:26.241+05:30  INFO 20396 --- [SpringJPADemo] [restartedMain] o.s.o.j.p.SpringPersistenceUnitInfo      : No LoadTimeWeaver setup: ignoring JPA class transformer
2024-09-12T14:29:26.243+05:30  INFO 20396 --- [SpringJPADemo] [restartedMain] com.zaxxer.hikari.HikariDataSource       : HikariPool-14 - Starting...
2024-09-12T14:29:26.255+05:30  INFO 20396 --- [SpringJPADemo] [restartedMain] com.zaxxer.hikari.pool.HikariPool        : HikariPool-14 - Added connection com.mysql.cj.jdbc.ConnectionImpl@6dff12e4
2024-09-12T14:29:26.256+05:30  INFO 20396 --- [SpringJPADemo] [restartedMain] com.zaxxer.hikari.HikariDataSource       : HikariPool-14 - Start completed.
2024-09-12T14:29:26.283+05:30  INFO 20396 --- [SpringJPADemo] [restartedMain] o.h.e.t.j.p.i.JtaPlatformInitiator       : HHH000489: No JTA platform available (set 'hibernate.transaction.jta.platform' to enable JTA platform integration)
2024-09-12T14:29:26.290+05:30  INFO 20396 --- [SpringJPADemo] [restartedMain] j.LocalContainerEntityManagerFactoryBean : Initialized JPA EntityManagerFactory for persistence unit 'default'
2024-09-12T14:29:26.465+05:30  WARN 20396 --- [SpringJPADemo] [restartedMain] JpaBaseConfiguration$JpaWebConfiguration : spring.jpa.open-in-view is enabled by default. Therefore, database queries may be performed during view rendering. Explicitly configure spring.jpa.open-in-view to disable this warning
2024-09-12T14:29:26.922+05:30  INFO 20396 --- [SpringJPADemo] [restartedMain] o.s.b.d.a.OptionalLiveReloadServer       : LiveReload server is running on port 35729
2024-09-12T14:29:26.932+05:30  INFO 20396 --- [SpringJPADemo] [restartedMain] o.s.b.a.e.web.EndpointLinksResolver      : Exposing 15 endpoints beneath base path '/actuator'
2024-09-12T14:29:26.975+05:30  INFO 20396 --- [SpringJPADemo] [restartedMain] o.s.b.w.embedded.tomcat.TomcatWebServer  : Tomcat started on port 8081 (http) with context path '/'
2024-09-12T14:29:26.981+05:30  INFO 20396 --- [SpringJPADemo] [restartedMain] com.revature.SpringJpaDemoApplication    : Started SpringJpaDemoApplication in 1.365 seconds (process running for 1170.283)
2024-09-12T14:29:26.983+05:30  INFO 20396 --- [SpringJPADemo] [restartedMain] .ConditionEvaluationDeltaLoggingListener : Condition evaluation unchanged
2024-09-12T14:32:08.852+05:30  INFO 20396 --- [SpringJPADemo] [File Watcher] rtingClassPathChangeChangedEventListener : Restarting due to 1 class path change (0 additions, 0 deletions, 1 modification)
2024-09-12T14:32:08.859+05:30  INFO 20396 --- [SpringJPADemo] [Thread-54] j.LocalContainerEntityManagerFactoryBean : Closing JPA EntityManagerFactory for persistence unit 'default'
2024-09-12T14:32:08.860+05:30  INFO 20396 --- [SpringJPADemo] [Thread-54] com.zaxxer.hikari.HikariDataSource       : HikariPool-14 - Shutdown initiated...
2024-09-12T14:32:08.863+05:30  INFO 20396 --- [SpringJPADemo] [Thread-54] com.zaxxer.hikari.HikariDataSource       : HikariPool-14 - Shutdown completed.
2024-09-12T14:32:08.968+05:30  INFO 20396 --- [SpringJPADemo] [restartedMain] com.revature.SpringJpaDemoApplication    : Starting SpringJpaDemoApplication using Java 21.0.3 with PID 20396 (C:\2024Training\TRNG-00001988\091224\SpringJPADemo\target\classes started by JasdhirSingh in C:\2024Training\TRNG-00001988\091224\SpringJPADemo)
2024-09-12T14:32:08.968+05:30  INFO 20396 --- [SpringJPADemo] [restartedMain] com.revature.SpringJpaDemoApplication    : No active profile set, falling back to 1 default profile: "default"
2024-09-12T14:32:09.370+05:30  INFO 20396 --- [SpringJPADemo] [restartedMain] .s.d.r.c.RepositoryConfigurationDelegate : Bootstrapping Spring Data JPA repositories in DEFAULT mode.
2024-09-12T14:32:09.381+05:30  INFO 20396 --- [SpringJPADemo] [restartedMain] .s.d.r.c.RepositoryConfigurationDelegate : Finished Spring Data repository scanning in 10 ms. Found 1 JPA repository interface.
2024-09-12T14:32:09.545+05:30  INFO 20396 --- [SpringJPADemo] [restartedMain] o.s.b.w.embedded.tomcat.TomcatWebServer  : Tomcat initialized with port 8081 (http)
2024-09-12T14:32:09.546+05:30  INFO 20396 --- [SpringJPADemo] [restartedMain] o.apache.catalina.core.StandardService   : Starting service [Tomcat]
2024-09-12T14:32:09.546+05:30  INFO 20396 --- [SpringJPADemo] [restartedMain] o.apache.catalina.core.StandardEngine    : Starting Servlet engine: [Apache Tomcat/10.1.28]
2024-09-12T14:32:09.574+05:30  INFO 20396 --- [SpringJPADemo] [restartedMain] o.a.c.c.C.[Tomcat-1].[localhost].[/]     : Initializing Spring embedded WebApplicationContext
2024-09-12T14:32:09.574+05:30  INFO 20396 --- [SpringJPADemo] [restartedMain] w.s.c.ServletWebServerApplicationContext : Root WebApplicationContext: initialization completed in 603 ms
2024-09-12T14:32:09.726+05:30  INFO 20396 --- [SpringJPADemo] [restartedMain] o.hibernate.jpa.internal.util.LogHelper  : HHH000204: Processing PersistenceUnitInfo [name: default]
2024-09-12T14:32:09.732+05:30  INFO 20396 --- [SpringJPADemo] [restartedMain] o.h.c.internal.RegionFactoryInitiator    : HHH000026: Second-level cache disabled
2024-09-12T14:32:09.741+05:30  INFO 20396 --- [SpringJPADemo] [restartedMain] o.s.o.j.p.SpringPersistenceUnitInfo      : No LoadTimeWeaver setup: ignoring JPA class transformer
2024-09-12T14:32:09.743+05:30  INFO 20396 --- [SpringJPADemo] [restartedMain] com.zaxxer.hikari.HikariDataSource       : HikariPool-15 - Starting...
2024-09-12T14:32:09.761+05:30  INFO 20396 --- [SpringJPADemo] [restartedMain] com.zaxxer.hikari.pool.HikariPool        : HikariPool-15 - Added connection com.mysql.cj.jdbc.ConnectionImpl@7bbf2bde
2024-09-12T14:32:09.762+05:30  INFO 20396 --- [SpringJPADemo] [restartedMain] com.zaxxer.hikari.HikariDataSource       : HikariPool-15 - Start completed.
2024-09-12T14:32:09.795+05:30  INFO 20396 --- [SpringJPADemo] [restartedMain] o.h.e.t.j.p.i.JtaPlatformInitiator       : HHH000489: No JTA platform available (set 'hibernate.transaction.jta.platform' to enable JTA platform integration)
2024-09-12T14:32:09.802+05:30  INFO 20396 --- [SpringJPADemo] [restartedMain] j.LocalContainerEntityManagerFactoryBean : Initialized JPA EntityManagerFactory for persistence unit 'default'
2024-09-12T14:32:09.934+05:30  WARN 20396 --- [SpringJPADemo] [restartedMain] JpaBaseConfiguration$JpaWebConfiguration : spring.jpa.open-in-view is enabled by default. Therefore, database queries may be performed during view rendering. Explicitly configure spring.jpa.open-in-view to disable this warning
2024-09-12T14:32:10.358+05:30  INFO 20396 --- [SpringJPADemo] [restartedMain] o.s.b.d.a.OptionalLiveReloadServer       : LiveReload server is running on port 35729
2024-09-12T14:32:10.363+05:30  INFO 20396 --- [SpringJPADemo] [restartedMain] o.s.b.a.e.web.EndpointLinksResolver      : Exposing 15 endpoints beneath base path '/actuator'
2024-09-12T14:32:10.392+05:30  INFO 20396 --- [SpringJPADemo] [restartedMain] o.s.b.w.embedded.tomcat.TomcatWebServer  : Tomcat started on port 8081 (http) with context path '/'
2024-09-12T14:32:10.396+05:30  INFO 20396 --- [SpringJPADemo] [restartedMain] com.revature.SpringJpaDemoApplication    : Started SpringJpaDemoApplication in 1.464 seconds (process running for 1333.698)
2024-09-12T14:32:10.398+05:30  INFO 20396 --- [SpringJPADemo] [restartedMain] .ConditionEvaluationDeltaLoggingListener : Condition evaluation unchanged
2024-09-12T14:32:58.309+05:30  INFO 20396 --- [SpringJPADemo] [File Watcher] rtingClassPathChangeChangedEventListener : Restarting due to 1 class path change (0 additions, 0 deletions, 1 modification)
2024-09-12T14:32:58.317+05:30  INFO 20396 --- [SpringJPADemo] [Thread-58] j.LocalContainerEntityManagerFactoryBean : Closing JPA EntityManagerFactory for persistence unit 'default'
2024-09-12T14:32:58.318+05:30  INFO 20396 --- [SpringJPADemo] [Thread-58] com.zaxxer.hikari.HikariDataSource       : HikariPool-15 - Shutdown initiated...
2024-09-12T14:32:58.320+05:30  INFO 20396 --- [SpringJPADemo] [Thread-58] com.zaxxer.hikari.HikariDataSource       : HikariPool-15 - Shutdown completed.
2024-09-12T14:32:58.415+05:30  INFO 20396 --- [SpringJPADemo] [restartedMain] com.revature.SpringJpaDemoApplication    : Starting SpringJpaDemoApplication using Java 21.0.3 with PID 20396 (C:\2024Training\TRNG-00001988\091224\SpringJPADemo\target\classes started by JasdhirSingh in C:\2024Training\TRNG-00001988\091224\SpringJPADemo)
2024-09-12T14:32:58.437+05:30  INFO 20396 --- [SpringJPADemo] [restartedMain] com.revature.SpringJpaDemoApplication    : No active profile set, falling back to 1 default profile: "default"
2024-09-12T14:32:58.744+05:30  INFO 20396 --- [SpringJPADemo] [restartedMain] .s.d.r.c.RepositoryConfigurationDelegate : Bootstrapping Spring Data JPA repositories in DEFAULT mode.
2024-09-12T14:32:58.754+05:30  INFO 20396 --- [SpringJPADemo] [restartedMain] .s.d.r.c.RepositoryConfigurationDelegate : Finished Spring Data repository scanning in 9 ms. Found 1 JPA repository interface.
2024-09-12T14:32:58.879+05:30  INFO 20396 --- [SpringJPADemo] [restartedMain] o.s.b.w.embedded.tomcat.TomcatWebServer  : Tomcat initialized with port 8081 (http)
2024-09-12T14:32:58.879+05:30  INFO 20396 --- [SpringJPADemo] [restartedMain] o.apache.catalina.core.StandardService   : Starting service [Tomcat]
2024-09-12T14:32:58.879+05:30  INFO 20396 --- [SpringJPADemo] [restartedMain] o.apache.catalina.core.StandardEngine    : Starting Servlet engine: [Apache Tomcat/10.1.28]
2024-09-12T14:32:58.911+05:30  INFO 20396 --- [SpringJPADemo] [restartedMain] o.a.c.c.C.[Tomcat-1].[localhost].[/]     : Initializing Spring embedded WebApplicationContext
2024-09-12T14:32:58.911+05:30  INFO 20396 --- [SpringJPADemo] [restartedMain] w.s.c.ServletWebServerApplicationContext : Root WebApplicationContext: initialization completed in 472 ms
2024-09-12T14:32:59.027+05:30  INFO 20396 --- [SpringJPADemo] [restartedMain] o.hibernate.jpa.internal.util.LogHelper  : HHH000204: Processing PersistenceUnitInfo [name: default]
2024-09-12T14:32:59.030+05:30  INFO 20396 --- [SpringJPADemo] [restartedMain] o.h.c.internal.RegionFactoryInitiator    : HHH000026: Second-level cache disabled
2024-09-12T14:32:59.037+05:30  INFO 20396 --- [SpringJPADemo] [restartedMain] o.s.o.j.p.SpringPersistenceUnitInfo      : No LoadTimeWeaver setup: ignoring JPA class transformer
2024-09-12T14:32:59.038+05:30  INFO 20396 --- [SpringJPADemo] [restartedMain] com.zaxxer.hikari.HikariDataSource       : HikariPool-16 - Starting...
2024-09-12T14:32:59.049+05:30  INFO 20396 --- [SpringJPADemo] [restartedMain] com.zaxxer.hikari.pool.HikariPool        : HikariPool-16 - Added connection com.mysql.cj.jdbc.ConnectionImpl@525b159c
2024-09-12T14:32:59.049+05:30  INFO 20396 --- [SpringJPADemo] [restartedMain] com.zaxxer.hikari.HikariDataSource       : HikariPool-16 - Start completed.
2024-09-12T14:32:59.079+05:30  INFO 20396 --- [SpringJPADemo] [restartedMain] o.h.e.t.j.p.i.JtaPlatformInitiator       : HHH000489: No JTA platform available (set 'hibernate.transaction.jta.platform' to enable JTA platform integration)
2024-09-12T14:32:59.085+05:30  INFO 20396 --- [SpringJPADemo] [restartedMain] j.LocalContainerEntityManagerFactoryBean : Initialized JPA EntityManagerFactory for persistence unit 'default'
2024-09-12T14:32:59.214+05:30  WARN 20396 --- [SpringJPADemo] [restartedMain] JpaBaseConfiguration$JpaWebConfiguration : spring.jpa.open-in-view is enabled by default. Therefore, database queries may be performed during view rendering. Explicitly configure spring.jpa.open-in-view to disable this warning
2024-09-12T14:32:59.636+05:30  INFO 20396 --- [SpringJPADemo] [restartedMain] o.s.b.d.a.OptionalLiveReloadServer       : LiveReload server is running on port 35729
2024-09-12T14:32:59.642+05:30  INFO 20396 --- [SpringJPADemo] [restartedMain] o.s.b.a.e.web.EndpointLinksResolver      : Exposing 15 endpoints beneath base path '/actuator'
2024-09-12T14:32:59.670+05:30  INFO 20396 --- [SpringJPADemo] [restartedMain] o.s.b.w.embedded.tomcat.TomcatWebServer  : Tomcat started on port 8081 (http) with context path '/'
2024-09-12T14:32:59.675+05:30  INFO 20396 --- [SpringJPADemo] [restartedMain] com.revature.SpringJpaDemoApplication    : Started SpringJpaDemoApplication in 1.287 seconds (process running for 1382.976)
2024-09-12T14:32:59.676+05:30  INFO 20396 --- [SpringJPADemo] [restartedMain] .ConditionEvaluationDeltaLoggingListener : Condition evaluation unchanged
2024-09-12T14:33:11.148+05:30  INFO 20396 --- [SpringJPADemo] [File Watcher] rtingClassPathChangeChangedEventListener : Restarting due to 1 class path change (0 additions, 0 deletions, 1 modification)
2024-09-12T14:33:11.157+05:30  INFO 20396 --- [SpringJPADemo] [Thread-62] j.LocalContainerEntityManagerFactoryBean : Closing JPA EntityManagerFactory for persistence unit 'default'
2024-09-12T14:33:11.158+05:30  INFO 20396 --- [SpringJPADemo] [Thread-62] com.zaxxer.hikari.HikariDataSource       : HikariPool-16 - Shutdown initiated...
2024-09-12T14:33:11.160+05:30  INFO 20396 --- [SpringJPADemo] [Thread-62] com.zaxxer.hikari.HikariDataSource       : HikariPool-16 - Shutdown completed.
2024-09-12T14:33:11.260+05:30  INFO 20396 --- [SpringJPADemo] [restartedMain] com.revature.SpringJpaDemoApplication    : Starting SpringJpaDemoApplication using Java 21.0.3 with PID 20396 (C:\2024Training\TRNG-00001988\091224\SpringJPADemo\target\classes started by JasdhirSingh in C:\2024Training\TRNG-00001988\091224\SpringJPADemo)
2024-09-12T14:33:11.264+05:30  INFO 20396 --- [SpringJPADemo] [restartedMain] com.revature.SpringJpaDemoApplication    : No active profile set, falling back to 1 default profile: "default"
2024-09-12T14:33:11.577+05:30  INFO 20396 --- [SpringJPADemo] [restartedMain] .s.d.r.c.RepositoryConfigurationDelegate : Bootstrapping Spring Data JPA repositories in DEFAULT mode.
2024-09-12T14:33:11.588+05:30  INFO 20396 --- [SpringJPADemo] [restartedMain] .s.d.r.c.RepositoryConfigurationDelegate : Finished Spring Data repository scanning in 10 ms. Found 1 JPA repository interface.
2024-09-12T14:33:11.715+05:30  INFO 20396 --- [SpringJPADemo] [restartedMain] o.s.b.w.embedded.tomcat.TomcatWebServer  : Tomcat initialized with port 8081 (http)
2024-09-12T14:33:11.717+05:30  INFO 20396 --- [SpringJPADemo] [restartedMain] o.apache.catalina.core.StandardService   : Starting service [Tomcat]
2024-09-12T14:33:11.717+05:30  INFO 20396 --- [SpringJPADemo] [restartedMain] o.apache.catalina.core.StandardEngine    : Starting Servlet engine: [Apache Tomcat/10.1.28]
2024-09-12T14:33:11.749+05:30  INFO 20396 --- [SpringJPADemo] [restartedMain] o.a.c.c.C.[Tomcat-1].[localhost].[/]     : Initializing Spring embedded WebApplicationContext
2024-09-12T14:33:11.749+05:30  INFO 20396 --- [SpringJPADemo] [restartedMain] w.s.c.ServletWebServerApplicationContext : Root WebApplicationContext: initialization completed in 483 ms
2024-09-12T14:33:11.918+05:30  INFO 20396 --- [SpringJPADemo] [restartedMain] o.hibernate.jpa.internal.util.LogHelper  : HHH000204: Processing PersistenceUnitInfo [name: default]
2024-09-12T14:33:11.921+05:30  INFO 20396 --- [SpringJPADemo] [restartedMain] o.h.c.internal.RegionFactoryInitiator    : HHH000026: Second-level cache disabled
2024-09-12T14:33:11.929+05:30  INFO 20396 --- [SpringJPADemo] [restartedMain] o.s.o.j.p.SpringPersistenceUnitInfo      : No LoadTimeWeaver setup: ignoring JPA class transformer
2024-09-12T14:33:11.931+05:30  INFO 20396 --- [SpringJPADemo] [restartedMain] com.zaxxer.hikari.HikariDataSource       : HikariPool-17 - Starting...
2024-09-12T14:33:11.941+05:30  INFO 20396 --- [SpringJPADemo] [restartedMain] com.zaxxer.hikari.pool.HikariPool        : HikariPool-17 - Added connection com.mysql.cj.jdbc.ConnectionImpl@3674758f
2024-09-12T14:33:11.941+05:30  INFO 20396 --- [SpringJPADemo] [restartedMain] com.zaxxer.hikari.HikariDataSource       : HikariPool-17 - Start completed.
2024-09-12T14:33:11.975+05:30  INFO 20396 --- [SpringJPADemo] [restartedMain] o.h.e.t.j.p.i.JtaPlatformInitiator       : HHH000489: No JTA platform available (set 'hibernate.transaction.jta.platform' to enable JTA platform integration)
2024-09-12T14:33:11.984+05:30  INFO 20396 --- [SpringJPADemo] [restartedMain] j.LocalContainerEntityManagerFactoryBean : Initialized JPA EntityManagerFactory for persistence unit 'default'
2024-09-12T14:33:12.156+05:30  WARN 20396 --- [SpringJPADemo] [restartedMain] JpaBaseConfiguration$JpaWebConfiguration : spring.jpa.open-in-view is enabled by default. Therefore, database queries may be performed during view rendering. Explicitly configure spring.jpa.open-in-view to disable this warning
2024-09-12T14:33:12.569+05:30  INFO 20396 --- [SpringJPADemo] [restartedMain] o.s.b.d.a.OptionalLiveReloadServer       : LiveReload server is running on port 35729
2024-09-12T14:33:12.578+05:30  INFO 20396 --- [SpringJPADemo] [restartedMain] o.s.b.a.e.web.EndpointLinksResolver      : Exposing 15 endpoints beneath base path '/actuator'
2024-09-12T14:33:12.612+05:30  INFO 20396 --- [SpringJPADemo] [restartedMain] o.s.b.w.embedded.tomcat.TomcatWebServer  : Tomcat started on port 8081 (http) with context path '/'
2024-09-12T14:33:12.616+05:30  INFO 20396 --- [SpringJPADemo] [restartedMain] com.revature.SpringJpaDemoApplication    : Started SpringJpaDemoApplication in 1.388 seconds (process running for 1395.918)
2024-09-12T14:33:12.618+05:30  INFO 20396 --- [SpringJPADemo] [restartedMain] .ConditionEvaluationDeltaLoggingListener : Condition evaluation unchanged
2024-09-12T14:33:23.878+05:30  INFO 20396 --- [SpringJPADemo] [http-nio-8081-exec-2] o.a.c.c.C.[Tomcat-1].[localhost].[/]     : Initializing Spring DispatcherServlet 'dispatcherServlet'
2024-09-12T14:33:23.878+05:30  INFO 20396 --- [SpringJPADemo] [http-nio-8081-exec-2] o.s.web.servlet.DispatcherServlet        : Initializing Servlet 'dispatcherServlet'
2024-09-12T14:33:23.880+05:30  INFO 20396 --- [SpringJPADemo] [http-nio-8081-exec-2] o.s.web.servlet.DispatcherServlet        : Completed initialization in 2 ms
2024-09-12T14:33:23.889+05:30  INFO 20396 --- [SpringJPADemo] [http-nio-8081-exec-2] com.revature.aspect.LoggingAspect        :  Adivce for execution(ResponseEntity com.revature.controllers.EmployeeController.getEmployeeById(int))
2024-09-12T14:33:23.904+05:30  INFO 20396 --- [SpringJPADemo] [http-nio-8081-exec-2] com.revature.aspect.LoggingAspect        : After Returning Advice
2024-09-12T14:33:23.910+05:30  INFO 20396 --- [SpringJPADemo] [http-nio-8081-exec-2] com.revature.aspect.LoggingAspect        : <200 OK OK,Optional[Employee [id=1, name=Jasdhir, salary=5000.0]],[]>
2024-09-12T14:33:23.910+05:30  INFO 20396 --- [SpringJPADemo] [http-nio-8081-exec-2] com.revature.aspect.LoggingAspect        : After Adivce for execution(ResponseEntity com.revature.controllers.EmployeeController.getEmployeeById(int))
2024-09-12T14:34:00.847+05:30  INFO 20396 --- [SpringJPADemo] [http-nio-8081-exec-1] com.revature.aspect.LoggingAspect        :  Adivce for execution(List com.revature.controllers.EmployeeController.getEmployees())
2024-09-12T14:34:00.915+05:30  INFO 20396 --- [SpringJPADemo] [http-nio-8081-exec-1] com.revature.aspect.LoggingAspect        : After Returning Advice
2024-09-12T14:34:00.916+05:30  INFO 20396 --- [SpringJPADemo] [http-nio-8081-exec-1] com.revature.aspect.LoggingAspect        : [Employee [id=1, name=Jasdhir, salary=5000.0], Employee [id=2, name=Manjeet, salary=5100.0], Employee [id=52, name=Madhav, salary=5050.0]]
2024-09-12T14:34:00.916+05:30  INFO 20396 --- [SpringJPADemo] [http-nio-8081-exec-1] com.revature.aspect.LoggingAspect        : After Adivce for execution(List com.revature.controllers.EmployeeController.getEmployees())
